{"contracts/DistributeToken.sol":{"l":{"37":3,"38":3,"39":3,"47":8,"48":4,"52":2,"53":1,"66":43,"67":25,"68":25,"74":39,"75":39,"79":40,"80":40,"81":40,"82":40,"90":19,"91":19,"92":19,"93":19,"94":19,"95":19,"96":19,"97":19,"98":2,"103":1,"104":1,"108":1,"109":1,"110":1,"111":1,"112":1,"113":1,"114":1,"122":1,"123":1,"124":1,"128":1,"132":1,"133":1,"134":1,"135":1,"139":1,"140":1,"141":1,"142":1},"path":"/Users/shokishoki/development/consensys/distribute/contracts/contracts/DistributeToken.sol","s":{"1":3,"2":3,"3":3,"4":8,"5":2,"6":43,"7":18,"8":25,"9":25,"10":39,"11":39,"12":40,"13":40,"14":40,"15":40,"16":19,"17":19,"18":19,"19":19,"20":19,"21":19,"22":19,"23":19,"24":1,"25":1,"26":1,"27":1,"28":1,"29":1,"30":1,"31":1,"32":1,"33":1,"34":1,"35":1,"36":1,"37":1,"38":1,"39":1,"40":1,"41":1,"42":1},"b":{"1":[3,0],"2":[4,4],"3":[1,1],"4":[18,25],"5":[39,0],"6":[40,0],"7":[19,0],"8":[2,17],"9":[1,0],"10":[1,0],"11":[1,0],"12":[1,0],"13":[1,0]},"f":{"1":3,"2":8,"3":2,"4":43,"5":39,"6":40,"7":19,"8":1,"9":1,"10":1,"11":1,"12":1,"13":1,"14":0},"fnMap":{"1":{"name":"DistributeToken","line":36,"loc":{"start":{"line":36,"column":2},"end":{"line":36,"column":86}}},"2":{"name":"onlyTR","line":46,"loc":{"start":{"line":46,"column":2},"end":{"line":46,"column":19}}},"3":{"name":"onlyTRorRR","line":51,"loc":{"start":{"line":51,"column":2},"end":{"line":51,"column":23}}},"4":{"name":"currentPrice","line":64,"loc":{"start":{"line":64,"column":2},"end":{"line":64,"column":55}}},"5":{"name":"weiRequired","line":73,"loc":{"start":{"line":73,"column":2},"end":{"line":73,"column":69}}},"6":{"name":"targetPrice","line":78,"loc":{"start":{"line":78,"column":2},"end":{"line":78,"column":66}}},"7":{"name":"mint","line":89,"loc":{"start":{"line":89,"column":4},"end":{"line":89,"column":44}}},"8":{"name":"burn","line":102,"loc":{"start":{"line":102,"column":4},"end":{"line":102,"column":49}}},"9":{"name":"sell","line":107,"loc":{"start":{"line":107,"column":4},"end":{"line":107,"column":42}}},"10":{"name":"transferWeiTo","line":121,"loc":{"start":{"line":121,"column":4},"end":{"line":121,"column":79}}},"11":{"name":"returnWei","line":127,"loc":{"start":{"line":127,"column":4},"end":{"line":127,"column":46}}},"12":{"name":"transferToEscrow","line":131,"loc":{"start":{"line":131,"column":4},"end":{"line":131,"column":88}}},"13":{"name":"transferFromEscrow","line":138,"loc":{"start":{"line":138,"column":4},"end":{"line":138,"column":90}}},"14":{"name":null,"line":145,"loc":{"start":{"line":145,"column":2},"end":{"line":145,"column":27}}}},"statementMap":{"1":{"start":{"line":37,"column":4},"end":{"line":37,"column":71}},"2":{"start":{"line":38,"column":4},"end":{"line":38,"column":40}},"3":{"start":{"line":39,"column":4},"end":{"line":39,"column":50}},"4":{"start":{"line":47,"column":4},"end":{"line":47,"column":46}},"5":{"start":{"line":52,"column":4},"end":{"line":52,"column":89}},"6":{"start":{"line":66,"column":4},"end":{"line":66,"column":60}},"7":{"start":{"line":66,"column":43},"end":{"line":66,"column":58}},"8":{"start":{"line":67,"column":4},"end":{"line":67,"column":39}},"9":{"start":{"line":68,"column":4},"end":{"line":68,"column":2273}},"10":{"start":{"line":74,"column":4},"end":{"line":74,"column":23}},"11":{"start":{"line":75,"column":4},"end":{"line":75,"column":42}},"12":{"start":{"line":79,"column":4},"end":{"line":79,"column":23}},"13":{"start":{"line":80,"column":4},"end":{"line":80,"column":30}},"14":{"start":{"line":81,"column":4},"end":{"line":81,"column":44}},"15":{"start":{"line":82,"column":4},"end":{"line":82,"column":71}},"16":{"start":{"line":90,"column":8},"end":{"line":90,"column":52}},"17":{"start":{"line":91,"column":8},"end":{"line":91,"column":43}},"18":{"start":{"line":92,"column":8},"end":{"line":92,"column":29}},"19":{"start":{"line":93,"column":8},"end":{"line":93,"column":38}},"20":{"start":{"line":94,"column":8},"end":{"line":94,"column":31}},"21":{"start":{"line":95,"column":8},"end":{"line":95,"column":39}},"22":{"start":{"line":96,"column":8},"end":{"line":96,"column":53}},"23":{"start":{"line":97,"column":8},"end":{"line":97,"column":3254}},"24":{"start":{"line":103,"column":6},"end":{"line":103,"column":57}},"25":{"start":{"line":104,"column":6},"end":{"line":104,"column":30}},"26":{"start":{"line":108,"column":8},"end":{"line":108,"column":70}},"27":{"start":{"line":109,"column":8},"end":{"line":109,"column":51}},"28":{"start":{"line":110,"column":8},"end":{"line":110,"column":41}},"29":{"start":{"line":111,"column":8},"end":{"line":111,"column":48}},"30":{"start":{"line":112,"column":8},"end":{"line":112,"column":23}},"31":{"start":{"line":113,"column":8},"end":{"line":113,"column":38}},"32":{"start":{"line":122,"column":6},"end":{"line":122,"column":33}},"33":{"start":{"line":123,"column":6},"end":{"line":123,"column":24}},"34":{"start":{"line":128,"column":6},"end":{"line":128,"column":20}},"35":{"start":{"line":132,"column":6},"end":{"line":132,"column":40}},"36":{"start":{"line":133,"column":6},"end":{"line":133,"column":31}},"37":{"start":{"line":134,"column":6},"end":{"line":134,"column":35}},"38":{"start":{"line":135,"column":6},"end":{"line":135,"column":17}},"39":{"start":{"line":139,"column":6},"end":{"line":139,"column":44}},"40":{"start":{"line":140,"column":6},"end":{"line":140,"column":35}},"41":{"start":{"line":141,"column":6},"end":{"line":141,"column":31}},"42":{"start":{"line":142,"column":6},"end":{"line":142,"column":17}}},"branchMap":{"1":{"line":37,"type":"if","locations":[{"start":{"line":37,"column":4},"end":{"line":37,"column":4}},{"start":{"line":37,"column":4},"end":{"line":37,"column":4}}]},"2":{"line":47,"type":"if","locations":[{"start":{"line":47,"column":4},"end":{"line":47,"column":4}},{"start":{"line":47,"column":4},"end":{"line":47,"column":4}}]},"3":{"line":52,"type":"if","locations":[{"start":{"line":52,"column":4},"end":{"line":52,"column":4}},{"start":{"line":52,"column":4},"end":{"line":52,"column":4}}]},"4":{"line":66,"type":"if","locations":[{"start":{"line":66,"column":4},"end":{"line":66,"column":4}},{"start":{"line":66,"column":4},"end":{"line":66,"column":4}}]},"5":{"line":74,"type":"if","locations":[{"start":{"line":74,"column":4},"end":{"line":74,"column":4}},{"start":{"line":74,"column":4},"end":{"line":74,"column":4}}]},"6":{"line":79,"type":"if","locations":[{"start":{"line":79,"column":4},"end":{"line":79,"column":4}},{"start":{"line":79,"column":4},"end":{"line":79,"column":4}}]},"7":{"line":91,"type":"if","locations":[{"start":{"line":91,"column":8},"end":{"line":91,"column":8}},{"start":{"line":91,"column":8},"end":{"line":91,"column":8}}]},"8":{"line":97,"type":"if","locations":[{"start":{"line":97,"column":8},"end":{"line":97,"column":8}},{"start":{"line":97,"column":8},"end":{"line":97,"column":8}}]},"9":{"line":103,"type":"if","locations":[{"start":{"line":103,"column":6},"end":{"line":103,"column":6}},{"start":{"line":103,"column":6},"end":{"line":103,"column":6}}]},"10":{"line":108,"type":"if","locations":[{"start":{"line":108,"column":8},"end":{"line":108,"column":8}},{"start":{"line":108,"column":8},"end":{"line":108,"column":8}}]},"11":{"line":122,"type":"if","locations":[{"start":{"line":122,"column":6},"end":{"line":122,"column":6}},{"start":{"line":122,"column":6},"end":{"line":122,"column":6}}]},"12":{"line":132,"type":"if","locations":[{"start":{"line":132,"column":6},"end":{"line":132,"column":6}},{"start":{"line":132,"column":6},"end":{"line":132,"column":6}}]},"13":{"line":139,"type":"if","locations":[{"start":{"line":139,"column":6},"end":{"line":139,"column":6}},{"start":{"line":139,"column":6},"end":{"line":139,"column":6}}]}}},"contracts/library/AttributeStore.sol":{"l":{"9":0,"10":0,"14":0,"15":0},"path":"/Users/shokishoki/development/consensys/distribute/contracts/contracts/library/AttributeStore.sol","s":{"1":0,"2":0,"3":0,"4":0},"b":{},"f":{"1":0,"2":0},"fnMap":{"1":{"name":"getAttribute","line":8,"loc":{"start":{"line":8,"column":4},"end":{"line":8,"column":102}}},"2":{"name":"attachAttribute","line":13,"loc":{"start":{"line":13,"column":4},"end":{"line":13,"column":100}}}},"statementMap":{"1":{"start":{"line":9,"column":8},"end":{"line":9,"column":48}},"2":{"start":{"line":10,"column":8},"end":{"line":10,"column":30}},"3":{"start":{"line":14,"column":8},"end":{"line":14,"column":48}},"4":{"start":{"line":15,"column":8},"end":{"line":15,"column":33}}},"branchMap":{}},"contracts/library/Division.sol":{"l":{"7":50,"9":50},"path":"/Users/shokishoki/development/consensys/distribute/contracts/contracts/library/Division.sol","s":{"1":50,"2":50},"b":{},"f":{"1":50},"fnMap":{"1":{"name":"percent","line":5,"loc":{"start":{"line":5,"column":2},"end":{"line":5,"column":110}}}},"statementMap":{"1":{"start":{"line":7,"column":4},"end":{"line":7,"column":58}},"2":{"start":{"line":9,"column":4},"end":{"line":9,"column":48}}},"branchMap":{}},"contracts/library/DLL.sol":{"l":{"14":0,"18":0,"22":0,"23":0,"25":0,"26":0,"30":0,"31":0,"33":0,"34":0,"36":0,"37":0},"path":"/Users/shokishoki/development/consensys/distribute/contracts/contracts/library/DLL.sol","s":{"1":0,"2":0,"3":0,"4":0,"5":0,"6":0,"7":0,"8":0,"9":0,"10":0,"11":0,"12":0},"b":{},"f":{"1":0,"2":0,"3":0,"4":0},"fnMap":{"1":{"name":"getNext","line":13,"loc":{"start":{"line":13,"column":1},"end":{"line":13,"column":76}}},"2":{"name":"getPrev","line":17,"loc":{"start":{"line":17,"column":1},"end":{"line":17,"column":76}}},"3":{"name":"insert","line":21,"loc":{"start":{"line":21,"column":1},"end":{"line":21,"column":79}}},"4":{"name":"remove","line":29,"loc":{"start":{"line":29,"column":1},"end":{"line":29,"column":55}}}},"statementMap":{"1":{"start":{"line":14,"column":2},"end":{"line":14,"column":29}},"2":{"start":{"line":18,"column":2},"end":{"line":18,"column":29}},"3":{"start":{"line":22,"column":2},"end":{"line":22,"column":29}},"4":{"start":{"line":23,"column":2},"end":{"line":23,"column":29}},"5":{"start":{"line":25,"column":2},"end":{"line":25,"column":29}},"6":{"start":{"line":26,"column":2},"end":{"line":26,"column":29}},"7":{"start":{"line":30,"column":2},"end":{"line":30,"column":33}},"8":{"start":{"line":31,"column":2},"end":{"line":31,"column":33}},"9":{"start":{"line":33,"column":2},"end":{"line":33,"column":27}},"10":{"start":{"line":34,"column":2},"end":{"line":34,"column":27}},"11":{"start":{"line":36,"column":2},"end":{"line":36,"column":29}},"12":{"start":{"line":37,"column":2},"end":{"line":37,"column":29}}},"branchMap":{}},"contracts/library/Migrations.sol":{"l":{"8":0,"12":0,"16":0,"20":0,"21":0},"path":"/Users/shokishoki/development/consensys/distribute/contracts/contracts/library/Migrations.sol","s":{"1":0,"2":0,"3":0,"4":0},"b":{"1":[0,0]},"f":{"1":0,"2":0,"3":0,"4":0},"fnMap":{"1":{"name":"restricted","line":7,"loc":{"start":{"line":7,"column":2},"end":{"line":7,"column":23}}},"2":{"name":"Migrations","line":11,"loc":{"start":{"line":11,"column":2},"end":{"line":11,"column":30}}},"3":{"name":"setCompleted","line":15,"loc":{"start":{"line":15,"column":2},"end":{"line":15,"column":57}}},"4":{"name":"upgrade","line":19,"loc":{"start":{"line":19,"column":2},"end":{"line":19,"column":57}}}},"statementMap":{"1":{"start":{"line":8,"column":4},"end":{"line":8,"column":30}},"2":{"start":{"line":12,"column":4},"end":{"line":12,"column":21}},"3":{"start":{"line":16,"column":4},"end":{"line":16,"column":39}},"4":{"start":{"line":20,"column":4},"end":{"line":20,"column":48}}},"branchMap":{"1":{"line":8,"type":"if","locations":[{"start":{"line":8,"column":4},"end":{"line":8,"column":4}},{"start":{"line":8,"column":4},"end":{"line":8,"column":4}}]}}},"contracts/library/PLCRVoting.sol":{"l":{"47":0,"48":0,"52":0,"53":0,"70":1,"71":1,"72":1,"73":1,"87":0,"88":0,"89":0,"91":0,"92":0,"93":0,"102":0,"103":0,"104":0,"105":0,"106":0,"109":0,"110":0,"111":0,"112":0,"121":0,"122":0,"123":0,"139":0,"141":0,"142":0,"144":0,"145":0,"148":0,"152":0,"154":0,"157":0,"159":0,"160":0,"162":0,"164":0,"165":0,"167":0,"179":0,"181":0,"182":0,"193":0,"194":0,"195":0,"197":0,"199":0,"200":0,"202":0,"204":0,"206":0,"215":0,"216":0,"218":0,"219":0,"220":0,"222":0,"236":0,"237":0,"238":0,"246":0,"247":0,"256":0,"257":0,"259":0,"260":0,"273":0,"275":0,"276":0,"278":0,"287":0,"289":0,"299":0,"301":0,"310":0,"312":0,"322":0,"324":0,"325":0,"327":0,"336":0,"337":0,"339":0,"340":0,"342":0,"343":0,"357":0,"367":0,"376":0,"385":0,"396":0,"397":0,"399":0,"400":0,"401":0,"402":0,"404":0,"407":0,"420":0,"429":0},"path":"/Users/shokishoki/development/consensys/distribute/contracts/contracts/library/PLCRVoting.sol","s":{"1":0,"2":0,"3":1,"4":1,"5":1,"6":1,"7":0,"8":0,"9":0,"10":0,"11":0,"12":0,"13":0,"14":0,"15":0,"16":0,"17":0,"18":0,"19":0,"20":0,"21":0,"22":0,"23":0,"24":0,"25":0,"26":0,"27":0,"28":0,"29":0,"30":0,"31":0,"32":0,"33":0,"34":0,"35":0,"36":0,"37":0,"38":0,"39":0,"40":0,"41":0,"42":0,"43":0,"44":0,"45":0,"46":0,"47":0,"48":0,"49":0,"50":0,"51":0,"52":0,"53":0,"54":0,"55":0,"56":0,"57":0,"58":0,"59":0,"60":0,"61":0,"62":0,"63":0,"64":0,"65":0,"66":0,"67":0,"68":0,"69":0,"70":0,"71":0,"72":0,"73":0,"74":0,"75":0,"76":0,"77":0,"78":0,"79":0,"80":0,"81":0,"82":0,"83":0,"84":0,"85":0,"86":0,"87":0,"88":0,"89":0,"90":0,"91":0,"92":0,"93":0,"94":0,"95":0,"96":0,"97":0},"b":{"1":[0,0],"2":[0,0],"3":[0,0],"4":[0,0],"5":[0,0],"6":[0,0],"7":[0,0],"8":[0,0],"9":[0,0],"10":[0,0],"11":[0,0],"12":[0,0],"13":[0,0],"14":[0,0],"15":[0,0],"16":[0,0],"17":[0,0],"18":[0,0],"19":[0,0],"20":[0,0],"21":[0,0],"22":[0,0],"23":[0,0],"24":[0,0],"25":[0,0],"26":[0,0],"27":[0,0],"28":[0,0],"29":[0,0],"30":[0,0],"31":[0,0],"32":[0,0],"33":[0,0],"34":[0,0],"35":[0,0],"36":[0,0],"37":[0,0],"38":[0,0],"39":[0,0]},"f":{"1":0,"2":0,"3":1,"4":0,"5":0,"6":0,"7":0,"8":0,"9":0,"10":0,"11":0,"12":0,"13":0,"14":0,"15":0,"16":0,"17":0,"18":0,"19":0,"20":0,"21":0,"22":0,"23":0,"24":0,"25":0},"fnMap":{"1":{"name":"onlyTRRR","line":46,"loc":{"start":{"line":46,"column":6},"end":{"line":46,"column":21}}},"2":{"name":"onlyTR","line":51,"loc":{"start":{"line":51,"column":6},"end":{"line":51,"column":19}}},"3":{"name":"PLCRVoting","line":69,"loc":{"start":{"line":69,"column":4},"end":{"line":69,"column":107}}},"4":{"name":"requestVotingRights","line":85,"loc":{"start":{"line":85,"column":4},"end":{"line":85,"column":82}}},"5":{"name":"withdrawVotingRights","line":101,"loc":{"start":{"line":101,"column":4},"end":{"line":101,"column":85}}},"6":{"name":"rescueTokens","line":120,"loc":{"start":{"line":120,"column":4},"end":{"line":120,"column":74}}},"7":{"name":"commitVote","line":138,"loc":{"start":{"line":138,"column":4},"end":{"line":138,"column":128}}},"8":{"name":"validPosition","line":178,"loc":{"start":{"line":178,"column":4},"end":{"line":178,"column":122}}},"9":{"name":"revealVote","line":191,"loc":{"start":{"line":191,"column":4},"end":{"line":191,"column":85}}},"10":{"name":"getNumPassingTokens","line":214,"loc":{"start":{"line":214,"column":4},"end":{"line":214,"column":116}}},"11":{"name":"startPoll","line":235,"loc":{"start":{"line":235,"column":4},"end":{"line":235,"column":111}}},"12":{"name":"isPassed","line":255,"loc":{"start":{"line":255,"column":4},"end":{"line":255,"column":82}}},"13":{"name":"getTotalNumberOfTokensForWinningOption","line":272,"loc":{"start":{"line":272,"column":4},"end":{"line":272,"column":104}}},"14":{"name":"pollEnded","line":286,"loc":{"start":{"line":286,"column":4},"end":{"line":286,"column":71}}},"15":{"name":"commitPeriodActive","line":298,"loc":{"start":{"line":298,"column":4},"end":{"line":298,"column":81}}},"16":{"name":"revealPeriodActive","line":309,"loc":{"start":{"line":309,"column":4},"end":{"line":309,"column":81}}},"17":{"name":"hasBeenRevealed","line":321,"loc":{"start":{"line":321,"column":4},"end":{"line":321,"column":96}}},"18":{"name":"pollExists","line":335,"loc":{"start":{"line":335,"column":4},"end":{"line":335,"column":73}}},"19":{"name":"getCommitHash","line":356,"loc":{"start":{"line":356,"column":4},"end":{"line":356,"column":99}}},"20":{"name":"getNumTokens","line":366,"loc":{"start":{"line":366,"column":4},"end":{"line":366,"column":94}}},"21":{"name":"getLastNode","line":375,"loc":{"start":{"line":375,"column":4},"end":{"line":375,"column":76}}},"22":{"name":"getLockedTokens","line":384,"loc":{"start":{"line":384,"column":4},"end":{"line":384,"column":83}}},"23":{"name":"getInsertPointForNumTokens","line":394,"loc":{"start":{"line":394,"column":4},"end":{"line":395,"column":45}}},"24":{"name":"isExpired","line":419,"loc":{"start":{"line":419,"column":4},"end":{"line":419,"column":82}}},"25":{"name":"attrUUID","line":428,"loc":{"start":{"line":428,"column":4},"end":{"line":428,"column":83}}}},"statementMap":{"1":{"start":{"line":47,"column":8},"end":{"line":47,"column":79}},"2":{"start":{"line":52,"column":8},"end":{"line":52,"column":43}},"3":{"start":{"line":70,"column":8},"end":{"line":70,"column":37}},"4":{"start":{"line":71,"column":8},"end":{"line":71,"column":47}},"5":{"start":{"line":72,"column":8},"end":{"line":72,"column":41}},"6":{"start":{"line":73,"column":8},"end":{"line":73,"column":37}},"7":{"start":{"line":87,"column":8},"end":{"line":87,"column":3112}},"8":{"start":{"line":88,"column":10},"end":{"line":88,"column":48}},"9":{"start":{"line":89,"column":10},"end":{"line":89,"column":49}},"10":{"start":{"line":91,"column":8},"end":{"line":91,"column":3272}},"11":{"start":{"line":92,"column":10},"end":{"line":92,"column":53}},"12":{"start":{"line":93,"column":10},"end":{"line":93,"column":49}},"13":{"start":{"line":102,"column":8},"end":{"line":102,"column":3748}},"14":{"start":{"line":103,"column":10},"end":{"line":103,"column":87}},"15":{"start":{"line":104,"column":10},"end":{"line":104,"column":47}},"16":{"start":{"line":105,"column":10},"end":{"line":105,"column":48}},"17":{"start":{"line":106,"column":10},"end":{"line":106,"column":51}},"18":{"start":{"line":108,"column":13},"end":{"line":108,"column":4057}},"19":{"start":{"line":109,"column":10},"end":{"line":109,"column":84}},"20":{"start":{"line":110,"column":10},"end":{"line":110,"column":47}},"21":{"start":{"line":111,"column":10},"end":{"line":111,"column":53}},"22":{"start":{"line":112,"column":10},"end":{"line":112,"column":51}},"23":{"start":{"line":121,"column":8},"end":{"line":121,"column":34}},"24":{"start":{"line":122,"column":8},"end":{"line":122,"column":4655}},"25":{"start":{"line":139,"column":8},"end":{"line":139,"column":43}},"26":{"start":{"line":141,"column":8},"end":{"line":141,"column":5544}},"27":{"start":{"line":142,"column":10},"end":{"line":142,"column":62}},"28":{"start":{"line":144,"column":8},"end":{"line":144,"column":5704}},"29":{"start":{"line":145,"column":10},"end":{"line":145,"column":57}},"30":{"start":{"line":148,"column":8},"end":{"line":148,"column":28}},"31":{"start":{"line":152,"column":8},"end":{"line":152,"column":76}},"32":{"start":{"line":154,"column":8},"end":{"line":154,"column":61}},"33":{"start":{"line":157,"column":8},"end":{"line":157,"column":91}},"34":{"start":{"line":159,"column":8},"end":{"line":159,"column":75}},"35":{"start":{"line":162,"column":8},"end":{"line":162,"column":48}},"36":{"start":{"line":167,"column":8},"end":{"line":167,"column":50}},"37":{"start":{"line":179,"column":8},"end":{"line":179,"column":69}},"38":{"start":{"line":181,"column":8},"end":{"line":181,"column":85}},"39":{"start":{"line":182,"column":8},"end":{"line":182,"column":37}},"40":{"start":{"line":193,"column":8},"end":{"line":193,"column":43}},"41":{"start":{"line":194,"column":8},"end":{"line":194,"column":53}},"42":{"start":{"line":195,"column":8},"end":{"line":195,"column":83}},"43":{"start":{"line":197,"column":8},"end":{"line":197,"column":57}},"44":{"start":{"line":199,"column":8},"end":{"line":199,"column":8639}},"45":{"start":{"line":200,"column":12},"end":{"line":200,"column":49}},"46":{"start":{"line":202,"column":12},"end":{"line":202,"column":53}},"47":{"start":{"line":206,"column":8},"end":{"line":206,"column":64}},"48":{"start":{"line":215,"column":8},"end":{"line":215,"column":34}},"49":{"start":{"line":216,"column":8},"end":{"line":216,"column":48}},"50":{"start":{"line":218,"column":8},"end":{"line":218,"column":53}},"51":{"start":{"line":219,"column":8},"end":{"line":219,"column":59}},"52":{"start":{"line":220,"column":8},"end":{"line":220,"column":58}},"53":{"start":{"line":222,"column":8},"end":{"line":222,"column":77}},"54":{"start":{"line":236,"column":8},"end":{"line":236,"column":45}},"55":{"start":{"line":237,"column":8},"end":{"line":237,"column":32}},"56":{"start":{"line":238,"column":8},"end":{"line":238,"column":10332}},"57":{"start":{"line":246,"column":8},"end":{"line":246,"column":76}},"58":{"start":{"line":247,"column":8},"end":{"line":247,"column":24}},"59":{"start":{"line":256,"column":8},"end":{"line":256,"column":43}},"60":{"start":{"line":257,"column":8},"end":{"line":257,"column":34}},"61":{"start":{"line":259,"column":8},"end":{"line":259,"column":42}},"62":{"start":{"line":260,"column":8},"end":{"line":260,"column":94}},"63":{"start":{"line":273,"column":8},"end":{"line":273,"column":34}},"64":{"start":{"line":275,"column":8},"end":{"line":275,"column":11790}},"65":{"start":{"line":276,"column":12},"end":{"line":276,"column":44}},"66":{"start":{"line":278,"column":12},"end":{"line":278,"column":48}},"67":{"start":{"line":287,"column":8},"end":{"line":287,"column":35}},"68":{"start":{"line":289,"column":8},"end":{"line":289,"column":56}},"69":{"start":{"line":299,"column":8},"end":{"line":299,"column":35}},"70":{"start":{"line":301,"column":8},"end":{"line":301,"column":57}},"71":{"start":{"line":310,"column":8},"end":{"line":310,"column":35}},"72":{"start":{"line":312,"column":8},"end":{"line":312,"column":89}},"73":{"start":{"line":322,"column":8},"end":{"line":322,"column":35}},"74":{"start":{"line":324,"column":8},"end":{"line":324,"column":52}},"75":{"start":{"line":325,"column":8},"end":{"line":325,"column":52}},"76":{"start":{"line":327,"column":8},"end":{"line":327,"column":57}},"77":{"start":{"line":336,"column":8},"end":{"line":336,"column":58}},"78":{"start":{"line":337,"column":8},"end":{"line":337,"column":58}},"79":{"start":{"line":339,"column":8},"end":{"line":339,"column":58}},"80":{"start":{"line":340,"column":8},"end":{"line":340,"column":58}},"81":{"start":{"line":342,"column":8},"end":{"line":342,"column":69}},"82":{"start":{"line":342,"column":55},"end":{"line":342,"column":67}},"83":{"start":{"line":343,"column":8},"end":{"line":343,"column":19}},"84":{"start":{"line":357,"column":8},"end":{"line":357,"column":83}},"85":{"start":{"line":367,"column":8},"end":{"line":367,"column":73}},"86":{"start":{"line":376,"column":8},"end":{"line":376,"column":40}},"87":{"start":{"line":385,"column":8},"end":{"line":385,"column":56}},"88":{"start":{"line":396,"column":6},"end":{"line":396,"column":38}},"89":{"start":{"line":397,"column":6},"end":{"line":397,"column":53}},"90":{"start":{"line":399,"column":6},"end":{"line":399,"column":16760}},"91":{"start":{"line":400,"column":8},"end":{"line":400,"column":50}},"92":{"start":{"line":401,"column":8},"end":{"line":401,"column":16852}},"93":{"start":{"line":402,"column":10},"end":{"line":402,"column":23}},"94":{"start":{"line":404,"column":8},"end":{"line":404,"column":46}},"95":{"start":{"line":407,"column":6},"end":{"line":407,"column":19}},"96":{"start":{"line":420,"column":8},"end":{"line":420,"column":51}},"97":{"start":{"line":429,"column":8},"end":{"line":429,"column":40}}},"branchMap":{"1":{"line":47,"type":"if","locations":[{"start":{"line":47,"column":8},"end":{"line":47,"column":8}},{"start":{"line":47,"column":8},"end":{"line":47,"column":8}}]},"2":{"line":52,"type":"if","locations":[{"start":{"line":52,"column":8},"end":{"line":52,"column":8}},{"start":{"line":52,"column":8},"end":{"line":52,"column":8}}]},"3":{"line":87,"type":"if","locations":[{"start":{"line":87,"column":8},"end":{"line":87,"column":8}},{"start":{"line":87,"column":8},"end":{"line":87,"column":8}}]},"4":{"line":91,"type":"if","locations":[{"start":{"line":91,"column":8},"end":{"line":91,"column":8}},{"start":{"line":91,"column":8},"end":{"line":91,"column":8}}]},"5":{"line":102,"type":"if","locations":[{"start":{"line":102,"column":8},"end":{"line":102,"column":8}},{"start":{"line":102,"column":8},"end":{"line":102,"column":8}}]},"6":{"line":104,"type":"if","locations":[{"start":{"line":104,"column":10},"end":{"line":104,"column":10}},{"start":{"line":104,"column":10},"end":{"line":104,"column":10}}]},"7":{"line":108,"type":"if","locations":[{"start":{"line":108,"column":13},"end":{"line":108,"column":13}},{"start":{"line":108,"column":13},"end":{"line":108,"column":13}}]},"8":{"line":110,"type":"if","locations":[{"start":{"line":110,"column":10},"end":{"line":110,"column":10}},{"start":{"line":110,"column":10},"end":{"line":110,"column":10}}]},"9":{"line":121,"type":"if","locations":[{"start":{"line":121,"column":8},"end":{"line":121,"column":8}},{"start":{"line":121,"column":8},"end":{"line":121,"column":8}}]},"10":{"line":122,"type":"if","locations":[{"start":{"line":122,"column":8},"end":{"line":122,"column":8}},{"start":{"line":122,"column":8},"end":{"line":122,"column":8}}]},"11":{"line":139,"type":"if","locations":[{"start":{"line":139,"column":8},"end":{"line":139,"column":8}},{"start":{"line":139,"column":8},"end":{"line":139,"column":8}}]},"12":{"line":141,"type":"if","locations":[{"start":{"line":141,"column":8},"end":{"line":141,"column":8}},{"start":{"line":141,"column":8},"end":{"line":141,"column":8}}]},"13":{"line":142,"type":"if","locations":[{"start":{"line":142,"column":10},"end":{"line":142,"column":10}},{"start":{"line":142,"column":10},"end":{"line":142,"column":10}}]},"14":{"line":144,"type":"if","locations":[{"start":{"line":144,"column":8},"end":{"line":144,"column":8}},{"start":{"line":144,"column":8},"end":{"line":144,"column":8}}]},"15":{"line":145,"type":"if","locations":[{"start":{"line":145,"column":10},"end":{"line":145,"column":10}},{"start":{"line":145,"column":10},"end":{"line":145,"column":10}}]},"16":{"line":148,"type":"if","locations":[{"start":{"line":148,"column":8},"end":{"line":148,"column":8}},{"start":{"line":148,"column":8},"end":{"line":148,"column":8}}]},"17":{"line":152,"type":"if","locations":[{"start":{"line":152,"column":8},"end":{"line":152,"column":8}},{"start":{"line":152,"column":8},"end":{"line":152,"column":8}}]},"18":{"line":157,"type":"cond-expr","locations":[{"start":{"line":157,"column":47},"end":{"line":157,"column":79}},{"start":{"line":157,"column":82},"end":{"line":157,"column":92}}]},"19":{"line":159,"type":"if","locations":[{"start":{"line":159,"column":8},"end":{"line":159,"column":8}},{"start":{"line":159,"column":8},"end":{"line":159,"column":8}}]},"20":{"line":193,"type":"if","locations":[{"start":{"line":193,"column":8},"end":{"line":193,"column":8}},{"start":{"line":193,"column":8},"end":{"line":193,"column":8}}]},"21":{"line":194,"type":"if","locations":[{"start":{"line":194,"column":8},"end":{"line":194,"column":8}},{"start":{"line":194,"column":8},"end":{"line":194,"column":8}}]},"22":{"line":195,"type":"if","locations":[{"start":{"line":195,"column":8},"end":{"line":195,"column":8}},{"start":{"line":195,"column":8},"end":{"line":195,"column":8}}]},"23":{"line":199,"type":"if","locations":[{"start":{"line":199,"column":8},"end":{"line":199,"column":8}},{"start":{"line":199,"column":8},"end":{"line":199,"column":8}}]},"24":{"line":215,"type":"if","locations":[{"start":{"line":215,"column":8},"end":{"line":215,"column":8}},{"start":{"line":215,"column":8},"end":{"line":215,"column":8}}]},"25":{"line":216,"type":"if","locations":[{"start":{"line":216,"column":8},"end":{"line":216,"column":8}},{"start":{"line":216,"column":8},"end":{"line":216,"column":8}}]},"26":{"line":218,"type":"cond-expr","locations":[{"start":{"line":218,"column":49},"end":{"line":218,"column":50}},{"start":{"line":218,"column":53},"end":{"line":218,"column":54}}]},"27":{"line":236,"type":"if","locations":[{"start":{"line":236,"column":8},"end":{"line":236,"column":8}},{"start":{"line":236,"column":8},"end":{"line":236,"column":8}}]},"28":{"line":256,"type":"if","locations":[{"start":{"line":256,"column":8},"end":{"line":256,"column":8}},{"start":{"line":256,"column":8},"end":{"line":256,"column":8}}]},"29":{"line":257,"type":"if","locations":[{"start":{"line":257,"column":8},"end":{"line":257,"column":8}},{"start":{"line":257,"column":8},"end":{"line":257,"column":8}}]},"30":{"line":273,"type":"if","locations":[{"start":{"line":273,"column":8},"end":{"line":273,"column":8}},{"start":{"line":273,"column":8},"end":{"line":273,"column":8}}]},"31":{"line":275,"type":"if","locations":[{"start":{"line":275,"column":8},"end":{"line":275,"column":8}},{"start":{"line":275,"column":8},"end":{"line":275,"column":8}}]},"32":{"line":287,"type":"if","locations":[{"start":{"line":287,"column":8},"end":{"line":287,"column":8}},{"start":{"line":287,"column":8},"end":{"line":287,"column":8}}]},"33":{"line":299,"type":"if","locations":[{"start":{"line":299,"column":8},"end":{"line":299,"column":8}},{"start":{"line":299,"column":8},"end":{"line":299,"column":8}}]},"34":{"line":310,"type":"if","locations":[{"start":{"line":310,"column":8},"end":{"line":310,"column":8}},{"start":{"line":310,"column":8},"end":{"line":310,"column":8}}]},"35":{"line":322,"type":"if","locations":[{"start":{"line":322,"column":8},"end":{"line":322,"column":8}},{"start":{"line":322,"column":8},"end":{"line":322,"column":8}}]},"36":{"line":339,"type":"if","locations":[{"start":{"line":339,"column":8},"end":{"line":339,"column":8}},{"start":{"line":339,"column":8},"end":{"line":339,"column":8}}]},"37":{"line":340,"type":"if","locations":[{"start":{"line":340,"column":8},"end":{"line":340,"column":8}},{"start":{"line":340,"column":8},"end":{"line":340,"column":8}}]},"38":{"line":342,"type":"if","locations":[{"start":{"line":342,"column":8},"end":{"line":342,"column":8}},{"start":{"line":342,"column":8},"end":{"line":342,"column":8}}]},"39":{"line":401,"type":"if","locations":[{"start":{"line":401,"column":8},"end":{"line":401,"column":8}},{"start":{"line":401,"column":8},"end":{"line":401,"column":8}}]}}},"contracts/library/SafeMath.sol":{"l":{"15":0,"16":0,"18":0,"19":0,"20":0,"28":0,"30":0,"37":4,"38":4,"45":0,"46":0,"47":0},"path":"/Users/shokishoki/development/consensys/distribute/contracts/contracts/library/SafeMath.sol","s":{"1":0,"2":0,"3":0,"4":0,"5":0,"6":0,"7":0,"8":4,"9":4,"10":0,"11":0,"12":0},"b":{"1":[0,0],"2":[0,0],"3":[4,0],"4":[0,0]},"f":{"1":0,"2":0,"3":4,"4":0},"fnMap":{"1":{"name":"mul","line":14,"loc":{"start":{"line":14,"column":2},"end":{"line":14,"column":68}}},"2":{"name":"div","line":26,"loc":{"start":{"line":26,"column":2},"end":{"line":26,"column":68}}},"3":{"name":"sub","line":36,"loc":{"start":{"line":36,"column":2},"end":{"line":36,"column":68}}},"4":{"name":"add","line":44,"loc":{"start":{"line":44,"column":2},"end":{"line":44,"column":68}}}},"statementMap":{"1":{"start":{"line":15,"column":4},"end":{"line":15,"column":282}},"2":{"start":{"line":16,"column":6},"end":{"line":16,"column":14}},"3":{"start":{"line":18,"column":4},"end":{"line":18,"column":20}},"4":{"start":{"line":19,"column":4},"end":{"line":19,"column":21}},"5":{"start":{"line":20,"column":4},"end":{"line":20,"column":12}},"6":{"start":{"line":28,"column":4},"end":{"line":28,"column":20}},"7":{"start":{"line":30,"column":4},"end":{"line":30,"column":12}},"8":{"start":{"line":37,"column":4},"end":{"line":37,"column":17}},"9":{"start":{"line":38,"column":4},"end":{"line":38,"column":16}},"10":{"start":{"line":45,"column":4},"end":{"line":45,"column":20}},"11":{"start":{"line":46,"column":4},"end":{"line":46,"column":17}},"12":{"start":{"line":47,"column":4},"end":{"line":47,"column":12}}},"branchMap":{"1":{"line":15,"type":"if","locations":[{"start":{"line":15,"column":4},"end":{"line":15,"column":4}},{"start":{"line":15,"column":4},"end":{"line":15,"column":4}}]},"2":{"line":19,"type":"if","locations":[{"start":{"line":19,"column":4},"end":{"line":19,"column":4}},{"start":{"line":19,"column":4},"end":{"line":19,"column":4}}]},"3":{"line":37,"type":"if","locations":[{"start":{"line":37,"column":4},"end":{"line":37,"column":4}},{"start":{"line":37,"column":4},"end":{"line":37,"column":4}}]},"4":{"line":46,"type":"if","locations":[{"start":{"line":46,"column":4},"end":{"line":46,"column":4}},{"start":{"line":46,"column":4},"end":{"line":46,"column":4}}]}}},"contracts/library/StandardToken.sol":{"l":{"22":0,"23":0,"24":0,"25":0,"26":0,"32":0,"33":0,"34":0,"35":0,"36":0,"37":0,"39":0,"40":0,"44":19,"48":0,"49":0,"50":0,"55":0},"path":"/Users/shokishoki/development/consensys/distribute/contracts/contracts/library/StandardToken.sol","s":{"1":0,"2":0,"3":0,"4":0,"5":0,"6":0,"7":0,"8":0,"9":0,"10":0,"11":0,"12":0,"13":0,"14":19,"15":0,"16":0,"17":0,"18":0},"b":{"1":[0,0],"2":[0,0],"3":[0,0]},"f":{"1":0,"2":0,"3":19,"4":0,"5":0},"fnMap":{"1":{"name":"transfer","line":17,"loc":{"start":{"line":17,"column":4},"end":{"line":17,"column":78}}},"2":{"name":"transferFrom","line":29,"loc":{"start":{"line":29,"column":4},"end":{"line":29,"column":97}}},"3":{"name":"balanceOf","line":43,"loc":{"start":{"line":43,"column":4},"end":{"line":43,"column":74}}},"4":{"name":"approve","line":47,"loc":{"start":{"line":47,"column":4},"end":{"line":47,"column":82}}},"5":{"name":"allowance","line":53,"loc":{"start":{"line":53,"column":4},"end":{"line":54,"column":45}}}},"statementMap":{"1":{"start":{"line":22,"column":8},"end":{"line":22,"column":46}},"2":{"start":{"line":23,"column":8},"end":{"line":23,"column":37}},"3":{"start":{"line":24,"column":8},"end":{"line":24,"column":30}},"4":{"start":{"line":25,"column":8},"end":{"line":25,"column":40}},"5":{"start":{"line":26,"column":8},"end":{"line":26,"column":19}},"6":{"start":{"line":32,"column":8},"end":{"line":32,"column":53}},"7":{"start":{"line":33,"column":8},"end":{"line":33,"column":64}},"8":{"start":{"line":34,"column":8},"end":{"line":34,"column":30}},"9":{"start":{"line":35,"column":8},"end":{"line":35,"column":32}},"10":{"start":{"line":36,"column":8},"end":{"line":36,"column":1629}},"11":{"start":{"line":37,"column":12},"end":{"line":37,"column":47}},"12":{"start":{"line":39,"column":8},"end":{"line":39,"column":35}},"13":{"start":{"line":40,"column":8},"end":{"line":40,"column":19}},"14":{"start":{"line":44,"column":8},"end":{"line":44,"column":31}},"15":{"start":{"line":48,"column":8},"end":{"line":48,"column":45}},"16":{"start":{"line":49,"column":8},"end":{"line":49,"column":45}},"17":{"start":{"line":50,"column":8},"end":{"line":50,"column":19}},"18":{"start":{"line":55,"column":6},"end":{"line":55,"column":38}}},"branchMap":{"1":{"line":22,"type":"if","locations":[{"start":{"line":22,"column":8},"end":{"line":22,"column":8}},{"start":{"line":22,"column":8},"end":{"line":22,"column":8}}]},"2":{"line":33,"type":"if","locations":[{"start":{"line":33,"column":8},"end":{"line":33,"column":8}},{"start":{"line":33,"column":8},"end":{"line":33,"column":8}}]},"3":{"line":36,"type":"if","locations":[{"start":{"line":36,"column":8},"end":{"line":36,"column":8}},{"start":{"line":36,"column":8},"end":{"line":36,"column":8}}]}}},"contracts/library/Token.sol":{"l":{},"path":"/Users/shokishoki/development/consensys/distribute/contracts/contracts/library/Token.sol","s":{},"b":{},"f":{},"fnMap":{},"statementMap":{},"branchMap":{}},"contracts/Project.sol":{"l":{"68":5,"69":3,"73":7,"74":5,"78":4,"79":2,"83":1,"88":0,"108":2,"109":2,"110":2,"111":2,"112":2,"113":2,"114":2,"115":2,"116":2,"117":2,"118":2,"130":0,"138":3,"139":3,"143":0,"147":0,"151":0,"155":0,"156":0,"160":0,"164":0,"165":0,"169":0,"177":3,"178":3,"179":3,"180":3,"184":2,"185":2,"187":2,"188":2,"189":2,"190":2,"191":2,"195":1,"196":1,"197":1,"198":1,"202":1,"203":1,"205":1,"206":1,"214":0,"215":0,"216":0,"220":0},"path":"/Users/shokishoki/development/consensys/distribute/contracts/contracts/Project.sol","s":{"1":5,"2":7,"3":4,"4":1,"5":0,"6":2,"7":2,"8":2,"9":2,"10":2,"11":2,"12":2,"13":2,"14":2,"15":2,"16":2,"17":0,"18":3,"19":3,"20":0,"21":0,"22":0,"23":0,"24":0,"25":0,"26":0,"27":0,"28":0,"29":3,"30":3,"31":3,"32":3,"33":2,"34":2,"35":2,"36":2,"37":2,"38":2,"39":2,"40":1,"41":1,"42":1,"43":1,"44":1,"45":1,"46":1,"47":1,"48":0,"49":0},"b":{"1":[3,2],"2":[5,2],"3":[2,2],"4":[0,0],"5":[3,0],"6":[2,0],"7":[2,0],"8":[1,0],"9":[1,0],"10":[1,0],"11":[1,0],"12":[0,0]},"f":{"1":5,"2":7,"3":4,"4":1,"5":0,"6":2,"7":0,"8":3,"9":0,"10":0,"11":0,"12":0,"13":0,"14":0,"15":0,"16":3,"17":2,"18":1,"19":1,"20":0,"21":0,"22":0},"fnMap":{"1":{"name":"onlyPR","line":67,"loc":{"start":{"line":67,"column":2},"end":{"line":67,"column":19}}},"2":{"name":"onlyTR","line":72,"loc":{"start":{"line":72,"column":2},"end":{"line":72,"column":19}}},"3":{"name":"onlyRR","line":77,"loc":{"start":{"line":77,"column":2},"end":{"line":77,"column":19}}},"4":{"name":"isTR","line":82,"loc":{"start":{"line":82,"column":2},"end":{"line":82,"column":59}}},"5":{"name":"isRR","line":87,"loc":{"start":{"line":87,"column":2},"end":{"line":87,"column":59}}},"6":{"name":"Project","line":97,"loc":{"start":{"line":97,"column":2},"end":{"line":107,"column":12}}},"7":{"name":"getTaskCount","line":129,"loc":{"start":{"line":129,"column":4},"end":{"line":129,"column":55}}},"8":{"name":"setState","line":137,"loc":{"start":{"line":137,"column":4},"end":{"line":137,"column":72}}},"9":{"name":"clearProposerStake","line":142,"loc":{"start":{"line":142,"column":4},"end":{"line":142,"column":45}}},"10":{"name":"clearTokenStake","line":146,"loc":{"start":{"line":146,"column":4},"end":{"line":146,"column":57}}},"11":{"name":"clearReputationStake","line":150,"loc":{"start":{"line":150,"column":4},"end":{"line":150,"column":62}}},"12":{"name":"clearStake","line":154,"loc":{"start":{"line":154,"column":4},"end":{"line":154,"column":37}}},"13":{"name":"setTaskLength","line":159,"loc":{"start":{"line":159,"column":4},"end":{"line":159,"column":57}}},"14":{"name":"setTaskAddress","line":163,"loc":{"start":{"line":163,"column":4},"end":{"line":163,"column":74}}},"15":{"name":"setPassAmount","line":168,"loc":{"start":{"line":168,"column":4},"end":{"line":168,"column":59}}},"16":{"name":"stakeTokens","line":176,"loc":{"start":{"line":176,"column":4},"end":{"line":176,"column":89}}},"17":{"name":"unstakeTokens","line":183,"loc":{"start":{"line":183,"column":4},"end":{"line":183,"column":90}}},"18":{"name":"stakeReputation","line":194,"loc":{"start":{"line":194,"column":4},"end":{"line":194,"column":78}}},"19":{"name":"unstakeReputation","line":201,"loc":{"start":{"line":201,"column":4},"end":{"line":201,"column":80}}},"20":{"name":"transferWeiReward","line":213,"loc":{"start":{"line":213,"column":4},"end":{"line":213,"column":75}}},"21":{"name":"returnWei","line":219,"loc":{"start":{"line":219,"column":4},"end":{"line":219,"column":72}}},"22":{"name":null,"line":223,"loc":{"start":{"line":223,"column":2},"end":{"line":223,"column":27}}}},"statementMap":{"1":{"start":{"line":68,"column":4},"end":{"line":68,"column":48}},"2":{"start":{"line":73,"column":4},"end":{"line":73,"column":46}},"3":{"start":{"line":78,"column":4},"end":{"line":78,"column":51}},"4":{"start":{"line":83,"column":4},"end":{"line":83,"column":2287}},"5":{"start":{"line":88,"column":4},"end":{"line":88,"column":2424}},"6":{"start":{"line":108,"column":4},"end":{"line":108,"column":50}},"7":{"start":{"line":109,"column":4},"end":{"line":109,"column":40}},"8":{"start":{"line":110,"column":4},"end":{"line":110,"column":38}},"9":{"start":{"line":111,"column":4},"end":{"line":111,"column":18}},"10":{"start":{"line":112,"column":4},"end":{"line":112,"column":97}},"11":{"start":{"line":113,"column":4},"end":{"line":113,"column":12}},"12":{"start":{"line":114,"column":4},"end":{"line":114,"column":32}},"13":{"start":{"line":115,"column":4},"end":{"line":115,"column":23}},"14":{"start":{"line":116,"column":4},"end":{"line":116,"column":31}},"15":{"start":{"line":117,"column":4},"end":{"line":117,"column":33}},"16":{"start":{"line":118,"column":4},"end":{"line":118,"column":23}},"17":{"start":{"line":130,"column":6},"end":{"line":130,"column":25}},"18":{"start":{"line":138,"column":6},"end":{"line":138,"column":19}},"19":{"start":{"line":139,"column":6},"end":{"line":139,"column":33}},"20":{"start":{"line":143,"column":6},"end":{"line":143,"column":22}},"21":{"start":{"line":147,"column":6},"end":{"line":147,"column":37}},"22":{"start":{"line":151,"column":6},"end":{"line":151,"column":42}},"23":{"start":{"line":155,"column":6},"end":{"line":155,"column":26}},"24":{"start":{"line":156,"column":6},"end":{"line":156,"column":30}},"25":{"start":{"line":160,"column":6},"end":{"line":160,"column":32}},"26":{"start":{"line":164,"column":6},"end":{"line":164,"column":24}},"27":{"start":{"line":165,"column":6},"end":{"line":165,"column":33}},"28":{"start":{"line":169,"column":6},"end":{"line":169,"column":29}},"29":{"start":{"line":177,"column":6},"end":{"line":177,"column":24}},"30":{"start":{"line":178,"column":6},"end":{"line":178,"column":44}},"31":{"start":{"line":179,"column":6},"end":{"line":179,"column":33}},"32":{"start":{"line":180,"column":6},"end":{"line":180,"column":24}},"33":{"start":{"line":184,"column":6},"end":{"line":184,"column":24}},"34":{"start":{"line":185,"column":6},"end":{"line":185,"column":5433}},"35":{"start":{"line":187,"column":6},"end":{"line":187,"column":95}},"36":{"start":{"line":188,"column":6},"end":{"line":188,"column":44}},"37":{"start":{"line":189,"column":6},"end":{"line":189,"column":33}},"38":{"start":{"line":190,"column":6},"end":{"line":190,"column":21}},"39":{"start":{"line":191,"column":6},"end":{"line":191,"column":19}},"40":{"start":{"line":195,"column":6},"end":{"line":195,"column":24}},"41":{"start":{"line":196,"column":6},"end":{"line":196,"column":97}},"42":{"start":{"line":197,"column":6},"end":{"line":197,"column":53}},"43":{"start":{"line":198,"column":6},"end":{"line":198,"column":41}},"44":{"start":{"line":202,"column":6},"end":{"line":202,"column":24}},"45":{"start":{"line":203,"column":6},"end":{"line":203,"column":6321}},"46":{"start":{"line":205,"column":6},"end":{"line":205,"column":53}},"47":{"start":{"line":206,"column":6},"end":{"line":206,"column":41}},"48":{"start":{"line":214,"column":6},"end":{"line":214,"column":31}},"49":{"start":{"line":215,"column":6},"end":{"line":215,"column":22}}},"branchMap":{"1":{"line":68,"type":"if","locations":[{"start":{"line":68,"column":4},"end":{"line":68,"column":4}},{"start":{"line":68,"column":4},"end":{"line":68,"column":4}}]},"2":{"line":73,"type":"if","locations":[{"start":{"line":73,"column":4},"end":{"line":73,"column":4}},{"start":{"line":73,"column":4},"end":{"line":73,"column":4}}]},"3":{"line":78,"type":"if","locations":[{"start":{"line":78,"column":4},"end":{"line":78,"column":4}},{"start":{"line":78,"column":4},"end":{"line":78,"column":4}}]},"4":{"line":164,"type":"if","locations":[{"start":{"line":164,"column":6},"end":{"line":164,"column":6}},{"start":{"line":164,"column":6},"end":{"line":164,"column":6}}]},"5":{"line":177,"type":"if","locations":[{"start":{"line":177,"column":6},"end":{"line":177,"column":6}},{"start":{"line":177,"column":6},"end":{"line":177,"column":6}}]},"6":{"line":184,"type":"if","locations":[{"start":{"line":184,"column":6},"end":{"line":184,"column":6}},{"start":{"line":184,"column":6},"end":{"line":184,"column":6}}]},"7":{"line":185,"type":"if","locations":[{"start":{"line":185,"column":6},"end":{"line":185,"column":6}},{"start":{"line":185,"column":6},"end":{"line":185,"column":6}}]},"8":{"line":195,"type":"if","locations":[{"start":{"line":195,"column":6},"end":{"line":195,"column":6}},{"start":{"line":195,"column":6},"end":{"line":195,"column":6}}]},"9":{"line":196,"type":"if","locations":[{"start":{"line":196,"column":6},"end":{"line":196,"column":6}},{"start":{"line":196,"column":6},"end":{"line":196,"column":6}}]},"10":{"line":202,"type":"if","locations":[{"start":{"line":202,"column":6},"end":{"line":202,"column":6}},{"start":{"line":202,"column":6},"end":{"line":202,"column":6}}]},"11":{"line":203,"type":"if","locations":[{"start":{"line":203,"column":6},"end":{"line":203,"column":6}},{"start":{"line":203,"column":6},"end":{"line":203,"column":6}}]},"12":{"line":214,"type":"if","locations":[{"start":{"line":214,"column":6},"end":{"line":214,"column":6}},{"start":{"line":214,"column":6},"end":{"line":214,"column":6}}]}}},"contracts/ProjectLibrary.sol":{"l":{"28":5,"29":5,"33":3,"34":3,"38":3,"42":4,"43":4,"44":4,"45":4,"48":4,"51":4,"57":1,"58":1,"59":1,"60":0,"61":0,"62":0,"64":1,"65":0,"66":0,"68":1,"70":0,"73":0,"74":0,"75":0,"76":0,"77":0,"78":0,"79":0,"80":0,"82":0,"83":0,"86":0,"90":0,"91":0,"92":0,"93":0,"94":0,"95":0,"96":0,"97":0,"98":0,"99":0,"100":0,"101":0,"102":0,"109":0,"110":0,"111":0,"112":0,"113":0,"114":0,"115":0,"116":0,"117":0,"118":0,"119":0,"121":0,"122":0,"123":0,"124":0,"125":0,"134":0,"135":0,"136":0,"137":0,"138":0,"139":0,"140":0,"141":0,"142":0,"143":0,"145":0,"146":0,"147":0,"148":0,"153":0,"154":0,"155":0,"157":0,"166":0,"167":0,"168":0,"169":0,"170":0,"171":0,"174":0,"179":0,"180":0,"181":0,"182":0,"183":0,"184":0,"185":0,"188":0,"189":0,"197":0,"198":0,"199":0,"200":0,"201":0,"202":0,"203":0,"204":0,"205":0,"213":1,"214":1,"215":1,"216":1,"218":0,"220":0,"225":1,"227":1,"228":1,"230":1,"231":1,"235":0,"236":0,"237":0,"239":0,"240":0},"path":"/Users/shokishoki/development/consensys/distribute/contracts/contracts/ProjectLibrary.sol","s":{"1":5,"2":5,"3":3,"4":3,"5":3,"6":4,"7":4,"8":4,"9":4,"10":1,"11":1,"12":1,"13":0,"14":0,"15":1,"16":1,"17":0,"18":0,"19":0,"20":0,"21":0,"22":0,"23":0,"24":0,"25":0,"26":0,"27":0,"28":0,"29":0,"30":0,"31":0,"32":0,"33":0,"34":0,"35":0,"36":0,"37":0,"38":0,"39":0,"40":0,"41":0,"42":0,"43":0,"44":0,"45":0,"46":0,"47":0,"48":0,"49":0,"50":0,"51":0,"52":0,"53":0,"54":0,"55":0,"56":0,"57":0,"58":0,"59":0,"60":0,"61":0,"62":0,"63":0,"64":0,"65":0,"66":0,"67":0,"68":0,"69":0,"70":0,"71":0,"72":0,"73":0,"74":0,"75":0,"76":0,"77":0,"78":0,"79":1,"80":1,"81":1,"82":1,"83":0,"84":0,"85":0,"86":1,"87":1,"88":1,"89":1,"90":0,"91":0,"92":0,"93":0},"b":{"1":[4,0],"2":[4,0],"3":[1,0],"4":[0,1],"5":[0,1],"6":[0,0],"7":[0,0],"8":[0,0],"9":[0,0],"10":[0,0],"11":[0,0],"12":[0,0],"13":[0,0],"14":[0,0],"15":[0,0],"16":[0,0],"17":[0,0],"18":[0,0],"19":[0,0],"20":[0,0],"21":[0,0],"22":[0,0],"23":[0,0],"24":[0,0],"25":[0,0],"26":[0,0],"27":[0,0],"28":[0,0],"29":[0,0],"30":[1,0],"31":[1,0],"32":[0,0],"33":[1,0],"34":[0,0]},"f":{"1":5,"2":3,"3":3,"4":4,"5":1,"6":0,"7":0,"8":0,"9":0,"10":0,"11":0,"12":0,"13":1,"14":1,"15":0},"fnMap":{"1":{"name":"isStaker","line":27,"loc":{"start":{"line":27,"column":4},"end":{"line":27,"column":87}}},"2":{"name":"isStaked","line":32,"loc":{"start":{"line":32,"column":4},"end":{"line":32,"column":71}}},"3":{"name":"timesUp","line":37,"loc":{"start":{"line":37,"column":4},"end":{"line":37,"column":70}}},"4":{"name":"calculateWeightOfAddress","line":41,"loc":{"start":{"line":41,"column":4},"end":{"line":41,"column":108}}},"5":{"name":"checkStaked","line":56,"loc":{"start":{"line":56,"column":4},"end":{"line":56,"column":69}}},"6":{"name":"checkActive","line":72,"loc":{"start":{"line":72,"column":4},"end":{"line":72,"column":88}}},"7":{"name":"checkValidate","line":89,"loc":{"start":{"line":89,"column":4},"end":{"line":89,"column":120}}},"8":{"name":"checkVoting","line":108,"loc":{"start":{"line":108,"column":4},"end":{"line":108,"column":139}}},"9":{"name":"checkEnd","line":133,"loc":{"start":{"line":133,"column":4},"end":{"line":133,"column":136}}},"10":{"name":"validate","line":165,"loc":{"start":{"line":165,"column":4},"end":{"line":165,"column":124}}},"11":{"name":"calculatePassAmount","line":178,"loc":{"start":{"line":178,"column":4},"end":{"line":178,"column":76}}},"12":{"name":"claimTaskReward","line":196,"loc":{"start":{"line":196,"column":4},"end":{"line":196,"column":110}}},"13":{"name":"refundStaker","line":212,"loc":{"start":{"line":212,"column":4},"end":{"line":212,"column":90}}},"14":{"name":"handleTokenStaker","line":224,"loc":{"start":{"line":224,"column":4},"end":{"line":224,"column":90}}},"15":{"name":"handleReputationStaker","line":234,"loc":{"start":{"line":234,"column":4},"end":{"line":234,"column":95}}}},"statementMap":{"1":{"start":{"line":28,"column":6},"end":{"line":28,"column":47}},"2":{"start":{"line":29,"column":6},"end":{"line":29,"column":102}},"3":{"start":{"line":33,"column":6},"end":{"line":33,"column":47}},"4":{"start":{"line":34,"column":6},"end":{"line":34,"column":113}},"5":{"start":{"line":38,"column":6},"end":{"line":38,"column":60}},"6":{"start":{"line":44,"column":6},"end":{"line":44,"column":47}},"7":{"start":{"line":45,"column":6},"end":{"line":45,"column":1747}},"8":{"start":{"line":48,"column":6},"end":{"line":48,"column":1943}},"9":{"start":{"line":51,"column":6},"end":{"line":51,"column":49}},"10":{"start":{"line":57,"column":6},"end":{"line":57,"column":47}},"11":{"start":{"line":58,"column":6},"end":{"line":58,"column":34}},"12":{"start":{"line":59,"column":6},"end":{"line":59,"column":2489}},"13":{"start":{"line":60,"column":8},"end":{"line":60,"column":63}},"14":{"start":{"line":62,"column":8},"end":{"line":62,"column":19}},"15":{"start":{"line":64,"column":8},"end":{"line":64,"column":2676}},"16":{"start":{"line":68,"column":8},"end":{"line":68,"column":20}},"17":{"start":{"line":70,"column":6},"end":{"line":70,"column":18}},"18":{"start":{"line":73,"column":6},"end":{"line":73,"column":47}},"19":{"start":{"line":74,"column":6},"end":{"line":74,"column":34}},"20":{"start":{"line":75,"column":6},"end":{"line":75,"column":3031}},"21":{"start":{"line":77,"column":8},"end":{"line":77,"column":3102}},"22":{"start":{"line":78,"column":10},"end":{"line":78,"column":57}},"23":{"start":{"line":80,"column":10},"end":{"line":80,"column":21}},"24":{"start":{"line":83,"column":10},"end":{"line":83,"column":22}},"25":{"start":{"line":86,"column":6},"end":{"line":86,"column":18}},"26":{"start":{"line":90,"column":6},"end":{"line":90,"column":47}},"27":{"start":{"line":91,"column":6},"end":{"line":91,"column":60}},"28":{"start":{"line":92,"column":6},"end":{"line":92,"column":34}},"29":{"start":{"line":93,"column":6},"end":{"line":93,"column":3650}},"30":{"start":{"line":94,"column":8},"end":{"line":94,"column":65}},"31":{"start":{"line":96,"column":8},"end":{"line":96,"column":3803}},"32":{"start":{"line":97,"column":10},"end":{"line":97,"column":43}},"33":{"start":{"line":98,"column":10},"end":{"line":98,"column":3912}},"34":{"start":{"line":99,"column":12},"end":{"line":99,"column":41}},"35":{"start":{"line":109,"column":6},"end":{"line":109,"column":47}},"36":{"start":{"line":110,"column":6},"end":{"line":110,"column":60}},"37":{"start":{"line":111,"column":6},"end":{"line":111,"column":46}},"38":{"start":{"line":112,"column":6},"end":{"line":112,"column":34}},"39":{"start":{"line":113,"column":6},"end":{"line":113,"column":4522}},"40":{"start":{"line":115,"column":8},"end":{"line":115,"column":4596}},"41":{"start":{"line":116,"column":10},"end":{"line":116,"column":43}},"42":{"start":{"line":117,"column":10},"end":{"line":117,"column":4705}},"43":{"start":{"line":118,"column":12},"end":{"line":118,"column":4742}},"44":{"start":{"line":121,"column":14},"end":{"line":121,"column":57}},"45":{"start":{"line":122,"column":14},"end":{"line":122,"column":5073}},"46":{"start":{"line":123,"column":16},"end":{"line":123,"column":45}},"47":{"start":{"line":134,"column":6},"end":{"line":134,"column":47}},"48":{"start":{"line":135,"column":6},"end":{"line":135,"column":60}},"49":{"start":{"line":136,"column":6},"end":{"line":136,"column":46}},"50":{"start":{"line":137,"column":6},"end":{"line":137,"column":34}},"51":{"start":{"line":138,"column":6},"end":{"line":138,"column":5649}},"52":{"start":{"line":139,"column":8},"end":{"line":139,"column":41}},"53":{"start":{"line":140,"column":8},"end":{"line":140,"column":5755}},"54":{"start":{"line":141,"column":10},"end":{"line":141,"column":5854}},"55":{"start":{"line":142,"column":12},"end":{"line":142,"column":5905}},"56":{"start":{"line":146,"column":14},"end":{"line":146,"column":43}},"57":{"start":{"line":153,"column":6},"end":{"line":153,"column":41}},"58":{"start":{"line":154,"column":6},"end":{"line":154,"column":6287}},"59":{"start":{"line":166,"column":6},"end":{"line":166,"column":47}},"60":{"start":{"line":167,"column":6},"end":{"line":167,"column":34}},"61":{"start":{"line":168,"column":6},"end":{"line":168,"column":44}},"62":{"start":{"line":169,"column":6},"end":{"line":169,"column":25}},"63":{"start":{"line":170,"column":6},"end":{"line":170,"column":6900}},"64":{"start":{"line":173,"column":11},"end":{"line":173,"column":6999}},"65":{"start":{"line":179,"column":6},"end":{"line":179,"column":47}},"66":{"start":{"line":181,"column":6},"end":{"line":181,"column":34}},"67":{"start":{"line":182,"column":6},"end":{"line":182,"column":7295}},"68":{"start":{"line":183,"column":8},"end":{"line":183,"column":41}},"69":{"start":{"line":184,"column":8},"end":{"line":184,"column":7401}},"70":{"start":{"line":185,"column":10},"end":{"line":185,"column":43}},"71":{"start":{"line":189,"column":6},"end":{"line":189,"column":27}},"72":{"start":{"line":197,"column":6},"end":{"line":197,"column":47}},"73":{"start":{"line":198,"column":6},"end":{"line":198,"column":34}},"74":{"start":{"line":199,"column":6},"end":{"line":199,"column":44}},"75":{"start":{"line":200,"column":6},"end":{"line":200,"column":65}},"76":{"start":{"line":201,"column":6},"end":{"line":201,"column":41}},"77":{"start":{"line":202,"column":6},"end":{"line":202,"column":55}},"78":{"start":{"line":205,"column":6},"end":{"line":205,"column":29}},"79":{"start":{"line":213,"column":6},"end":{"line":213,"column":47}},"80":{"start":{"line":214,"column":6},"end":{"line":214,"column":58}},"81":{"start":{"line":215,"column":6},"end":{"line":215,"column":8662}},"82":{"start":{"line":216,"column":8},"end":{"line":216,"column":50}},"83":{"start":{"line":217,"column":13},"end":{"line":217,"column":8759}},"84":{"start":{"line":218,"column":8},"end":{"line":218,"column":55}},"85":{"start":{"line":220,"column":8},"end":{"line":220,"column":16}},"86":{"start":{"line":227,"column":6},"end":{"line":227,"column":9071}},"87":{"start":{"line":228,"column":8},"end":{"line":228,"column":83}},"88":{"start":{"line":230,"column":6},"end":{"line":230,"column":33}},"89":{"start":{"line":231,"column":6},"end":{"line":231,"column":19}},"90":{"start":{"line":236,"column":6},"end":{"line":236,"column":9397}},"91":{"start":{"line":237,"column":8},"end":{"line":237,"column":88}},"92":{"start":{"line":239,"column":6},"end":{"line":239,"column":57}},"93":{"start":{"line":240,"column":6},"end":{"line":240,"column":19}}},"branchMap":{"1":{"line":45,"type":"cond-expr","locations":[{"start":{"line":45,"column":53},"end":{"line":45,"column":168}},{"start":{"line":45,"column":179},"end":{"line":45,"column":199}}]},"2":{"line":48,"type":"cond-expr","locations":[{"start":{"line":48,"column":49},"end":{"line":48,"column":150}},{"start":{"line":48,"column":161},"end":{"line":48,"column":176}}]},"3":{"line":58,"type":"if","locations":[{"start":{"line":58,"column":6},"end":{"line":58,"column":6}},{"start":{"line":58,"column":6},"end":{"line":58,"column":6}}]},"4":{"line":59,"type":"if","locations":[{"start":{"line":59,"column":6},"end":{"line":59,"column":6}},{"start":{"line":59,"column":6},"end":{"line":59,"column":6}}]},"5":{"line":64,"type":"if","locations":[{"start":{"line":64,"column":8},"end":{"line":64,"column":8}},{"start":{"line":64,"column":8},"end":{"line":64,"column":8}}]},"6":{"line":74,"type":"if","locations":[{"start":{"line":74,"column":6},"end":{"line":74,"column":6}},{"start":{"line":74,"column":6},"end":{"line":74,"column":6}}]},"7":{"line":75,"type":"if","locations":[{"start":{"line":75,"column":6},"end":{"line":75,"column":6}},{"start":{"line":75,"column":6},"end":{"line":75,"column":6}}]},"8":{"line":77,"type":"if","locations":[{"start":{"line":77,"column":8},"end":{"line":77,"column":8}},{"start":{"line":77,"column":8},"end":{"line":77,"column":8}}]},"9":{"line":92,"type":"if","locations":[{"start":{"line":92,"column":6},"end":{"line":92,"column":6}},{"start":{"line":92,"column":6},"end":{"line":92,"column":6}}]},"10":{"line":93,"type":"if","locations":[{"start":{"line":93,"column":6},"end":{"line":93,"column":6}},{"start":{"line":93,"column":6},"end":{"line":93,"column":6}}]},"11":{"line":98,"type":"if","locations":[{"start":{"line":98,"column":10},"end":{"line":98,"column":10}},{"start":{"line":98,"column":10},"end":{"line":98,"column":10}}]},"12":{"line":112,"type":"if","locations":[{"start":{"line":112,"column":6},"end":{"line":112,"column":6}},{"start":{"line":112,"column":6},"end":{"line":112,"column":6}}]},"13":{"line":113,"type":"if","locations":[{"start":{"line":113,"column":6},"end":{"line":113,"column":6}},{"start":{"line":113,"column":6},"end":{"line":113,"column":6}}]},"14":{"line":117,"type":"if","locations":[{"start":{"line":117,"column":10},"end":{"line":117,"column":10}},{"start":{"line":117,"column":10},"end":{"line":117,"column":10}}]},"15":{"line":118,"type":"if","locations":[{"start":{"line":118,"column":12},"end":{"line":118,"column":12}},{"start":{"line":118,"column":12},"end":{"line":118,"column":12}}]},"16":{"line":122,"type":"if","locations":[{"start":{"line":122,"column":14},"end":{"line":122,"column":14}},{"start":{"line":122,"column":14},"end":{"line":122,"column":14}}]},"17":{"line":137,"type":"if","locations":[{"start":{"line":137,"column":6},"end":{"line":137,"column":6}},{"start":{"line":137,"column":6},"end":{"line":137,"column":6}}]},"18":{"line":140,"type":"if","locations":[{"start":{"line":140,"column":8},"end":{"line":140,"column":8}},{"start":{"line":140,"column":8},"end":{"line":140,"column":8}}]},"19":{"line":141,"type":"if","locations":[{"start":{"line":141,"column":10},"end":{"line":141,"column":10}},{"start":{"line":141,"column":10},"end":{"line":141,"column":10}}]},"20":{"line":142,"type":"if","locations":[{"start":{"line":142,"column":12},"end":{"line":142,"column":12}},{"start":{"line":142,"column":12},"end":{"line":142,"column":12}}]},"21":{"line":154,"type":"if","locations":[{"start":{"line":154,"column":6},"end":{"line":154,"column":6}},{"start":{"line":154,"column":6},"end":{"line":154,"column":6}}]},"22":{"line":167,"type":"if","locations":[{"start":{"line":167,"column":6},"end":{"line":167,"column":6}},{"start":{"line":167,"column":6},"end":{"line":167,"column":6}}]},"23":{"line":169,"type":"if","locations":[{"start":{"line":169,"column":6},"end":{"line":169,"column":6}},{"start":{"line":169,"column":6},"end":{"line":169,"column":6}}]},"24":{"line":170,"type":"if","locations":[{"start":{"line":170,"column":6},"end":{"line":170,"column":6}},{"start":{"line":170,"column":6},"end":{"line":170,"column":6}}]},"25":{"line":173,"type":"if","locations":[{"start":{"line":173,"column":11},"end":{"line":173,"column":11}},{"start":{"line":173,"column":11},"end":{"line":173,"column":11}}]},"26":{"line":181,"type":"if","locations":[{"start":{"line":181,"column":6},"end":{"line":181,"column":6}},{"start":{"line":181,"column":6},"end":{"line":181,"column":6}}]},"27":{"line":184,"type":"if","locations":[{"start":{"line":184,"column":8},"end":{"line":184,"column":8}},{"start":{"line":184,"column":8},"end":{"line":184,"column":8}}]},"28":{"line":198,"type":"if","locations":[{"start":{"line":198,"column":6},"end":{"line":198,"column":6}},{"start":{"line":198,"column":6},"end":{"line":198,"column":6}}]},"29":{"line":200,"type":"if","locations":[{"start":{"line":200,"column":6},"end":{"line":200,"column":6}},{"start":{"line":200,"column":6},"end":{"line":200,"column":6}}]},"30":{"line":214,"type":"if","locations":[{"start":{"line":214,"column":6},"end":{"line":214,"column":6}},{"start":{"line":214,"column":6},"end":{"line":214,"column":6}}]},"31":{"line":215,"type":"if","locations":[{"start":{"line":215,"column":6},"end":{"line":215,"column":6}},{"start":{"line":215,"column":6},"end":{"line":215,"column":6}}]},"32":{"line":217,"type":"if","locations":[{"start":{"line":217,"column":13},"end":{"line":217,"column":13}},{"start":{"line":217,"column":13},"end":{"line":217,"column":13}}]},"33":{"line":227,"type":"if","locations":[{"start":{"line":227,"column":6},"end":{"line":227,"column":6}},{"start":{"line":227,"column":6},"end":{"line":227,"column":6}}]},"34":{"line":236,"type":"if","locations":[{"start":{"line":236,"column":6},"end":{"line":236,"column":6}},{"start":{"line":236,"column":6},"end":{"line":236,"column":6}}]}}},"contracts/ProjectRegistry.sol":{"l":{"42":0,"43":0,"47":0,"48":0,"51":0,"52":0,"60":1,"61":1,"62":1,"63":1,"64":1,"77":1,"81":0,"85":0,"89":0,"93":0,"94":0,"95":0,"96":0,"97":0,"98":0,"109":0,"119":0,"120":0,"121":0,"125":0,"126":0,"127":0,"128":0,"129":0,"130":0,"131":0,"132":0,"140":0,"141":0,"142":0,"143":0,"144":0,"145":0,"150":0,"151":0,"152":0,"153":0,"155":0,"156":0,"157":0,"159":0,"169":0,"170":0,"171":0,"172":0,"173":0,"174":0,"175":0,"182":0,"183":0,"184":0,"185":0,"186":0,"187":0,"188":0,"193":0,"194":0,"195":0,"196":0,"197":0,"198":0},"path":"/Users/shokishoki/development/consensys/distribute/contracts/contracts/ProjectRegistry.sol","s":{"1":0,"2":0,"3":0,"4":1,"5":1,"6":1,"7":1,"8":1,"9":1,"10":0,"11":0,"12":0,"13":0,"14":0,"15":0,"16":0,"17":0,"18":0,"19":0,"20":0,"21":0,"22":0,"23":0,"24":0,"25":0,"26":0,"27":0,"28":0,"29":0,"30":0,"31":0,"32":0,"33":0,"34":0,"35":0,"36":0,"37":0,"38":0,"39":0,"40":0,"41":0,"42":0,"43":0,"44":0,"45":0,"46":0,"47":0,"48":0,"49":0,"50":0,"51":0,"52":0,"53":0},"b":{"1":[0,0],"2":[0,0],"3":[0,0],"4":[1,0],"5":[0,0],"6":[0,0],"7":[0,0],"8":[0,0],"9":[0,0],"10":[0,0],"11":[0,0],"12":[0,0],"13":[0,0],"14":[0,0],"15":[0,0],"16":[0,0],"17":[0,0],"18":[0,0],"19":[0,0]},"f":{"1":0,"2":0,"3":0,"4":1,"5":1,"6":0,"7":0,"8":0,"9":0,"10":0,"11":0,"12":0,"13":0,"14":0,"15":0,"16":0},"fnMap":{"1":{"name":"onlyTR","line":41,"loc":{"start":{"line":41,"column":2},"end":{"line":41,"column":19}}},"2":{"name":"onlyRR","line":46,"loc":{"start":{"line":46,"column":2},"end":{"line":46,"column":19}}},"3":{"name":"onlyTRorRR","line":50,"loc":{"start":{"line":50,"column":2},"end":{"line":50,"column":23}}},"4":{"name":"init","line":59,"loc":{"start":{"line":59,"column":2},"end":{"line":59,"column":122}}},"5":{"name":"checkStaked","line":76,"loc":{"start":{"line":76,"column":4},"end":{"line":76,"column":69}}},"6":{"name":"checkActive","line":80,"loc":{"start":{"line":80,"column":4},"end":{"line":80,"column":69}}},"7":{"name":"checkValidate","line":84,"loc":{"start":{"line":84,"column":4},"end":{"line":84,"column":56}}},"8":{"name":"checkVoting","line":88,"loc":{"start":{"line":88,"column":4},"end":{"line":88,"column":54}}},"9":{"name":"checkEnd","line":92,"loc":{"start":{"line":92,"column":4},"end":{"line":92,"column":51}}},"10":{"name":"createProject","line":106,"loc":{"start":{"line":106,"column":4},"end":{"line":108,"column":82}}},"11":{"name":"refundProposer","line":124,"loc":{"start":{"line":124,"column":4},"end":{"line":124,"column":89}}},"12":{"name":"addTaskHash","line":139,"loc":{"start":{"line":139,"column":4},"end":{"line":139,"column":74}}},"13":{"name":"stakedTaskHash","line":149,"loc":{"start":{"line":149,"column":4},"end":{"line":149,"column":117}}},"14":{"name":"submitHashList","line":168,"loc":{"start":{"line":168,"column":4},"end":{"line":168,"column":76}}},"15":{"name":"claimTask","line":180,"loc":{"start":{"line":180,"column":4},"end":{"line":181,"column":91}}},"16":{"name":"submitTaskComplete","line":192,"loc":{"start":{"line":192,"column":4},"end":{"line":192,"column":77}}}},"statementMap":{"1":{"start":{"line":42,"column":4},"end":{"line":42,"column":46}},"2":{"start":{"line":47,"column":4},"end":{"line":47,"column":51}},"3":{"start":{"line":51,"column":4},"end":{"line":51,"column":89}},"4":{"start":{"line":60,"column":4},"end":{"line":60,"column":102}},"5":{"start":{"line":61,"column":4},"end":{"line":61,"column":44}},"6":{"start":{"line":62,"column":4},"end":{"line":62,"column":40}},"7":{"start":{"line":63,"column":4},"end":{"line":63,"column":50}},"8":{"start":{"line":64,"column":4},"end":{"line":64,"column":39}},"9":{"start":{"line":77,"column":6},"end":{"line":77,"column":42}},"10":{"start":{"line":81,"column":6},"end":{"line":81,"column":85}},"11":{"start":{"line":94,"column":6},"end":{"line":94,"column":47}},"12":{"start":{"line":95,"column":6},"end":{"line":95,"column":3335}},"13":{"start":{"line":96,"column":8},"end":{"line":96,"column":42}},"14":{"start":{"line":97,"column":8},"end":{"line":97,"column":52}},"15":{"start":{"line":109,"column":6},"end":{"line":109,"column":4067}},"16":{"start":{"line":119,"column":5},"end":{"line":119,"column":48}},"17":{"start":{"line":120,"column":5},"end":{"line":120,"column":71}},"18":{"start":{"line":121,"column":5},"end":{"line":121,"column":26}},"19":{"start":{"line":125,"column":6},"end":{"line":125,"column":48}},"20":{"start":{"line":126,"column":6},"end":{"line":126,"column":33}},"21":{"start":{"line":128,"column":6},"end":{"line":128,"column":41}},"22":{"start":{"line":129,"column":6},"end":{"line":129,"column":40}},"23":{"start":{"line":130,"column":6},"end":{"line":130,"column":46}},"24":{"start":{"line":132,"column":6},"end":{"line":132,"column":25}},"25":{"start":{"line":140,"column":6},"end":{"line":140,"column":47}},"26":{"start":{"line":141,"column":6},"end":{"line":141,"column":58}},"27":{"start":{"line":142,"column":6},"end":{"line":142,"column":33}},"28":{"start":{"line":143,"column":6},"end":{"line":143,"column":5673}},"29":{"start":{"line":144,"column":8},"end":{"line":144,"column":82}},"30":{"start":{"line":145,"column":8},"end":{"line":145,"column":75}},"31":{"start":{"line":150,"column":6},"end":{"line":150,"column":61}},"32":{"start":{"line":151,"column":6},"end":{"line":151,"column":6071}},"33":{"start":{"line":152,"column":8},"end":{"line":152,"column":66}},"34":{"start":{"line":153,"column":8},"end":{"line":153,"column":67}},"35":{"start":{"line":155,"column":6},"end":{"line":155,"column":57}},"36":{"start":{"line":156,"column":6},"end":{"line":156,"column":48}},"37":{"start":{"line":157,"column":6},"end":{"line":157,"column":6431}},"38":{"start":{"line":159,"column":8},"end":{"line":159,"column":33}},"39":{"start":{"line":169,"column":6},"end":{"line":169,"column":47}},"40":{"start":{"line":170,"column":6},"end":{"line":170,"column":58}},"41":{"start":{"line":171,"column":6},"end":{"line":171,"column":79}},"42":{"start":{"line":173,"column":6},"end":{"line":173,"column":7134}},"43":{"start":{"line":174,"column":8},"end":{"line":174,"column":64}},"44":{"start":{"line":182,"column":6},"end":{"line":182,"column":47}},"45":{"start":{"line":183,"column":6},"end":{"line":183,"column":34}},"46":{"start":{"line":184,"column":6},"end":{"line":184,"column":44}},"47":{"start":{"line":185,"column":6},"end":{"line":185,"column":72}},"48":{"start":{"line":186,"column":6},"end":{"line":186,"column":108}},"49":{"start":{"line":193,"column":6},"end":{"line":193,"column":47}},"50":{"start":{"line":194,"column":6},"end":{"line":194,"column":44}},"51":{"start":{"line":195,"column":6},"end":{"line":195,"column":38}},"52":{"start":{"line":196,"column":6},"end":{"line":196,"column":42}},"53":{"start":{"line":197,"column":6},"end":{"line":197,"column":34}}},"branchMap":{"1":{"line":42,"type":"if","locations":[{"start":{"line":42,"column":4},"end":{"line":42,"column":4}},{"start":{"line":42,"column":4},"end":{"line":42,"column":4}}]},"2":{"line":47,"type":"if","locations":[{"start":{"line":47,"column":4},"end":{"line":47,"column":4}},{"start":{"line":47,"column":4},"end":{"line":47,"column":4}}]},"3":{"line":51,"type":"if","locations":[{"start":{"line":51,"column":4},"end":{"line":51,"column":4}},{"start":{"line":51,"column":4},"end":{"line":51,"column":4}}]},"4":{"line":60,"type":"if","locations":[{"start":{"line":60,"column":4},"end":{"line":60,"column":4}},{"start":{"line":60,"column":4},"end":{"line":60,"column":4}}]},"5":{"line":95,"type":"if","locations":[{"start":{"line":95,"column":6},"end":{"line":95,"column":6}},{"start":{"line":95,"column":6},"end":{"line":95,"column":6}}]},"6":{"line":126,"type":"if","locations":[{"start":{"line":126,"column":6},"end":{"line":126,"column":6}},{"start":{"line":126,"column":6},"end":{"line":126,"column":6}}]},"7":{"line":128,"type":"if","locations":[{"start":{"line":128,"column":6},"end":{"line":128,"column":6}},{"start":{"line":128,"column":6},"end":{"line":128,"column":6}}]},"8":{"line":141,"type":"if","locations":[{"start":{"line":141,"column":6},"end":{"line":141,"column":6}},{"start":{"line":141,"column":6},"end":{"line":141,"column":6}}]},"9":{"line":143,"type":"if","locations":[{"start":{"line":143,"column":6},"end":{"line":143,"column":6}},{"start":{"line":143,"column":6},"end":{"line":143,"column":6}}]},"10":{"line":151,"type":"if","locations":[{"start":{"line":151,"column":6},"end":{"line":151,"column":6}},{"start":{"line":151,"column":6},"end":{"line":151,"column":6}}]},"11":{"line":157,"type":"if","locations":[{"start":{"line":157,"column":6},"end":{"line":157,"column":6}},{"start":{"line":157,"column":6},"end":{"line":157,"column":6}}]},"12":{"line":170,"type":"if","locations":[{"start":{"line":170,"column":6},"end":{"line":170,"column":6}},{"start":{"line":170,"column":6},"end":{"line":170,"column":6}}]},"13":{"line":171,"type":"if","locations":[{"start":{"line":171,"column":6},"end":{"line":171,"column":6}},{"start":{"line":171,"column":6},"end":{"line":171,"column":6}}]},"14":{"line":183,"type":"if","locations":[{"start":{"line":183,"column":6},"end":{"line":183,"column":6}},{"start":{"line":183,"column":6},"end":{"line":183,"column":6}}]},"15":{"line":185,"type":"if","locations":[{"start":{"line":185,"column":6},"end":{"line":185,"column":6}},{"start":{"line":185,"column":6},"end":{"line":185,"column":6}}]},"16":{"line":186,"type":"if","locations":[{"start":{"line":186,"column":6},"end":{"line":186,"column":6}},{"start":{"line":186,"column":6},"end":{"line":186,"column":6}}]},"17":{"line":195,"type":"if","locations":[{"start":{"line":195,"column":6},"end":{"line":195,"column":6}},{"start":{"line":195,"column":6},"end":{"line":195,"column":6}}]},"18":{"line":196,"type":"if","locations":[{"start":{"line":196,"column":6},"end":{"line":196,"column":6}},{"start":{"line":196,"column":6},"end":{"line":196,"column":6}}]},"19":{"line":197,"type":"if","locations":[{"start":{"line":197,"column":6},"end":{"line":197,"column":6}},{"start":{"line":197,"column":6},"end":{"line":197,"column":6}}]}}},"contracts/ReputationRegistry.sol":{"l":{"51":0,"52":0,"64":1,"65":1,"66":1,"67":1,"75":0,"83":1,"84":1,"85":1,"86":1,"87":1,"92":0,"93":0,"94":0,"95":0,"96":0,"106":0,"107":0,"108":0,"109":0,"110":0,"111":0,"112":0,"116":0,"117":0,"118":0,"119":0,"120":0,"121":0,"129":1,"130":1,"131":1,"132":1,"136":1,"137":1,"138":1,"146":0,"147":0,"148":0,"149":0,"150":0,"151":0,"155":0,"156":0,"164":0,"165":0,"166":0,"168":0,"171":0,"172":0,"173":0,"174":0,"176":0,"180":0,"181":0,"182":0,"186":0,"187":0,"195":0,"196":0,"197":0,"198":0,"206":0},"path":"/Users/shokishoki/development/consensys/distribute/contracts/contracts/ReputationRegistry.sol","s":{"1":0,"2":1,"3":1,"4":1,"5":1,"6":0,"7":1,"8":1,"9":1,"10":1,"11":1,"12":0,"13":0,"14":0,"15":0,"16":0,"17":0,"18":0,"19":0,"20":0,"21":0,"22":0,"23":0,"24":0,"25":0,"26":0,"27":0,"28":0,"29":1,"30":1,"31":1,"32":1,"33":1,"34":1,"35":0,"36":0,"37":0,"38":0,"39":0,"40":0,"41":0,"42":0,"43":0,"44":0,"45":0,"46":0,"47":0,"48":0,"49":0,"50":0,"51":0,"52":0,"53":0,"54":0,"55":0,"56":0},"b":{"1":[0,0],"2":[1,0],"3":[1,0],"4":[0,0],"5":[0,0],"6":[0,0],"7":[0,0],"8":[0,0],"9":[1,0],"10":[1,0],"11":[0,0],"12":[0,0],"13":[0,0],"14":[0,0],"15":[0,0]},"f":{"1":0,"2":1,"3":0,"4":1,"5":0,"6":0,"7":0,"8":1,"9":1,"10":0,"11":0,"12":0,"13":0,"14":0,"15":0,"16":0},"fnMap":{"1":{"name":"onlyPR","line":50,"loc":{"start":{"line":50,"column":2},"end":{"line":50,"column":19}}},"2":{"name":"init","line":63,"loc":{"start":{"line":63,"column":4},"end":{"line":63,"column":95}}},"3":{"name":"averageBalance","line":74,"loc":{"start":{"line":74,"column":4},"end":{"line":74,"column":56}}},"4":{"name":"register","line":82,"loc":{"start":{"line":82,"column":4},"end":{"line":82,"column":28}}},"5":{"name":"faucet","line":91,"loc":{"start":{"line":91,"column":4},"end":{"line":91,"column":26}}},"6":{"name":"proposeProject","line":103,"loc":{"start":{"line":103,"column":4},"end":{"line":103,"column":89}}},"7":{"name":"refundProposer","line":115,"loc":{"start":{"line":115,"column":4},"end":{"line":115,"column":57}}},"8":{"name":"stakeReputation","line":128,"loc":{"start":{"line":128,"column":4},"end":{"line":128,"column":79}}},"9":{"name":"unstakeReputation","line":135,"loc":{"start":{"line":135,"column":4},"end":{"line":135,"column":81}}},"10":{"name":"claimTask","line":145,"loc":{"start":{"line":145,"column":4},"end":{"line":145,"column":111}}},"11":{"name":"rewardTask","line":154,"loc":{"start":{"line":154,"column":4},"end":{"line":154,"column":67}}},"12":{"name":"voteCommit","line":163,"loc":{"start":{"line":163,"column":4},"end":{"line":163,"column":132}}},"13":{"name":"voteReveal","line":179,"loc":{"start":{"line":179,"column":4},"end":{"line":179,"column":102}}},"14":{"name":"refundVotingReputation","line":185,"loc":{"start":{"line":185,"column":4},"end":{"line":185,"column":61}}},"15":{"name":"refundStaker","line":194,"loc":{"start":{"line":194,"column":4},"end":{"line":194,"column":55}}},"16":{"name":"burnReputation","line":205,"loc":{"start":{"line":205,"column":4},"end":{"line":205,"column":60}}}},"statementMap":{"1":{"start":{"line":51,"column":4},"end":{"line":51,"column":50}},"2":{"start":{"line":64,"column":6},"end":{"line":64,"column":104}},"3":{"start":{"line":65,"column":6},"end":{"line":65,"column":56}},"4":{"start":{"line":66,"column":6},"end":{"line":66,"column":41}},"5":{"start":{"line":67,"column":6},"end":{"line":67,"column":55}},"6":{"start":{"line":75,"column":6},"end":{"line":75,"column":37}},"7":{"start":{"line":83,"column":6},"end":{"line":83,"column":69}},"8":{"start":{"line":84,"column":6},"end":{"line":84,"column":29}},"9":{"start":{"line":85,"column":6},"end":{"line":85,"column":41}},"10":{"start":{"line":86,"column":6},"end":{"line":86,"column":33}},"11":{"start":{"line":87,"column":6},"end":{"line":87,"column":20}},"12":{"start":{"line":92,"column":6},"end":{"line":92,"column":140}},"13":{"start":{"line":93,"column":6},"end":{"line":93,"column":57}},"14":{"start":{"line":94,"column":6},"end":{"line":94,"column":34}},"15":{"start":{"line":95,"column":6},"end":{"line":95,"column":43}},"16":{"start":{"line":96,"column":6},"end":{"line":96,"column":25}},"17":{"start":{"line":106,"column":6},"end":{"line":106,"column":47}},"18":{"start":{"line":107,"column":6},"end":{"line":107,"column":83}},"19":{"start":{"line":108,"column":6},"end":{"line":108,"column":141}},"20":{"start":{"line":109,"column":6},"end":{"line":109,"column":60}},"21":{"start":{"line":110,"column":6},"end":{"line":110,"column":51}},"22":{"start":{"line":111,"column":6},"end":{"line":111,"column":148}},"23":{"start":{"line":112,"column":6},"end":{"line":112,"column":66}},"24":{"start":{"line":116,"column":6},"end":{"line":116,"column":47}},"25":{"start":{"line":117,"column":6},"end":{"line":117,"column":46}},"26":{"start":{"line":118,"column":6},"end":{"line":118,"column":41}},"27":{"start":{"line":119,"column":6},"end":{"line":119,"column":85}},"28":{"start":{"line":120,"column":6},"end":{"line":120,"column":44}},"29":{"start":{"line":129,"column":6},"end":{"line":129,"column":68}},"30":{"start":{"line":130,"column":6},"end":{"line":130,"column":40}},"31":{"start":{"line":131,"column":6},"end":{"line":131,"column":29}},"32":{"start":{"line":136,"column":6},"end":{"line":136,"column":29}},"33":{"start":{"line":137,"column":6},"end":{"line":137,"column":40}},"34":{"start":{"line":138,"column":6},"end":{"line":138,"column":29}},"35":{"start":{"line":146,"column":6},"end":{"line":146,"column":47}},"36":{"start":{"line":147,"column":6},"end":{"line":147,"column":69}},"37":{"start":{"line":148,"column":6},"end":{"line":148,"column":51}},"38":{"start":{"line":149,"column":6},"end":{"line":149,"column":55}},"39":{"start":{"line":150,"column":6},"end":{"line":150,"column":42}},"40":{"start":{"line":155,"column":6},"end":{"line":155,"column":73}},"41":{"start":{"line":156,"column":6},"end":{"line":156,"column":35}},"42":{"start":{"line":164,"column":6},"end":{"line":164,"column":38}},"43":{"start":{"line":165,"column":6},"end":{"line":165,"column":47}},"44":{"start":{"line":166,"column":6},"end":{"line":166,"column":58}},"45":{"start":{"line":168,"column":6},"end":{"line":168,"column":116}},"46":{"start":{"line":171,"column":6},"end":{"line":171,"column":8258}},"47":{"start":{"line":172,"column":8},"end":{"line":172,"column":84}},"48":{"start":{"line":173,"column":8},"end":{"line":173,"column":42}},"49":{"start":{"line":180,"column":6},"end":{"line":180,"column":47}},"50":{"start":{"line":181,"column":6},"end":{"line":181,"column":58}},"51":{"start":{"line":187,"column":6},"end":{"line":187,"column":40}},"52":{"start":{"line":195,"column":6},"end":{"line":195,"column":63}},"53":{"start":{"line":196,"column":6},"end":{"line":196,"column":25}},"54":{"start":{"line":197,"column":6},"end":{"line":197,"column":29}},"55":{"start":{"line":198,"column":6},"end":{"line":198,"column":44}},"56":{"start":{"line":206,"column":6},"end":{"line":206,"column":31}}},"branchMap":{"1":{"line":51,"type":"if","locations":[{"start":{"line":51,"column":4},"end":{"line":51,"column":4}},{"start":{"line":51,"column":4},"end":{"line":51,"column":4}}]},"2":{"line":64,"type":"if","locations":[{"start":{"line":64,"column":6},"end":{"line":64,"column":6}},{"start":{"line":64,"column":6},"end":{"line":64,"column":6}}]},"3":{"line":83,"type":"if","locations":[{"start":{"line":83,"column":6},"end":{"line":83,"column":6}},{"start":{"line":83,"column":6},"end":{"line":83,"column":6}}]},"4":{"line":92,"type":"if","locations":[{"start":{"line":92,"column":6},"end":{"line":92,"column":6}},{"start":{"line":92,"column":6},"end":{"line":92,"column":6}}]},"5":{"line":106,"type":"if","locations":[{"start":{"line":106,"column":6},"end":{"line":106,"column":6}},{"start":{"line":106,"column":6},"end":{"line":106,"column":6}}]},"6":{"line":109,"type":"if","locations":[{"start":{"line":109,"column":6},"end":{"line":109,"column":6}},{"start":{"line":109,"column":6},"end":{"line":109,"column":6}}]},"7":{"line":117,"type":"if","locations":[{"start":{"line":117,"column":6},"end":{"line":117,"column":6}},{"start":{"line":117,"column":6},"end":{"line":117,"column":6}}]},"8":{"line":118,"type":"if","locations":[{"start":{"line":118,"column":6},"end":{"line":118,"column":6}},{"start":{"line":118,"column":6},"end":{"line":118,"column":6}}]},"9":{"line":129,"type":"if","locations":[{"start":{"line":129,"column":6},"end":{"line":129,"column":6}},{"start":{"line":129,"column":6},"end":{"line":129,"column":6}}]},"10":{"line":136,"type":"if","locations":[{"start":{"line":136,"column":6},"end":{"line":136,"column":6}},{"start":{"line":136,"column":6},"end":{"line":136,"column":6}}]},"11":{"line":148,"type":"if","locations":[{"start":{"line":148,"column":6},"end":{"line":148,"column":6}},{"start":{"line":148,"column":6},"end":{"line":148,"column":6}}]},"12":{"line":164,"type":"if","locations":[{"start":{"line":164,"column":6},"end":{"line":164,"column":6}},{"start":{"line":164,"column":6},"end":{"line":164,"column":6}}]},"13":{"line":171,"type":"if","locations":[{"start":{"line":171,"column":6},"end":{"line":171,"column":6}},{"start":{"line":171,"column":6},"end":{"line":171,"column":6}}]},"14":{"line":172,"type":"if","locations":[{"start":{"line":172,"column":8},"end":{"line":172,"column":8}},{"start":{"line":172,"column":8},"end":{"line":172,"column":8}}]},"15":{"line":196,"type":"if","locations":[{"start":{"line":196,"column":6},"end":{"line":196,"column":6}},{"start":{"line":196,"column":6},"end":{"line":196,"column":6}}]}}},"contracts/Task.sol":{"l":{"42":0,"43":0,"47":0,"48":0,"56":0,"57":0,"58":0,"66":0,"70":0,"71":0,"72":0,"73":0,"74":0,"78":0,"82":0,"83":0,"86":0,"87":0,"92":0,"93":0,"97":0,"98":0,"99":0,"100":0,"103":0,"104":0,"105":0,"106":0,"108":0,"111":0,"115":0},"path":"/Users/shokishoki/development/consensys/distribute/contracts/contracts/Task.sol","s":{"1":0,"2":0,"3":0,"4":0,"5":0,"6":0,"7":0,"8":0,"9":0,"10":0,"11":0,"12":0,"13":0,"14":0,"15":0,"16":0,"17":0,"18":0,"19":0,"20":0,"21":0,"22":0,"23":0,"24":0,"25":0,"26":0,"27":0,"28":0,"29":0},"b":{"1":[0,0],"2":[0,0],"3":[0,0],"4":[0,0],"5":[0,0],"6":[0,0],"7":[0,0],"8":[0,0]},"f":{"1":0,"2":0,"3":0,"4":0,"5":0,"6":0,"7":0,"8":0,"9":0,"10":0},"fnMap":{"1":{"name":"onlyPR","line":41,"loc":{"start":{"line":41,"column":2},"end":{"line":41,"column":19}}},"2":{"name":"onlyTR","line":46,"loc":{"start":{"line":46,"column":2},"end":{"line":46,"column":19}}},"3":{"name":"Task","line":55,"loc":{"start":{"line":55,"column":2},"end":{"line":55,"column":61}}},"4":{"name":"setWeighting","line":65,"loc":{"start":{"line":65,"column":2},"end":{"line":65,"column":57}}},"5":{"name":"setTaskReward","line":69,"loc":{"start":{"line":69,"column":2},"end":{"line":69,"column":97}}},"6":{"name":"markTaskComplete","line":77,"loc":{"start":{"line":77,"column":2},"end":{"line":77,"column":43}}},"7":{"name":"setValidator","line":81,"loc":{"start":{"line":81,"column":2},"end":{"line":81,"column":95}}},"8":{"name":"setPollId","line":91,"loc":{"start":{"line":91,"column":2},"end":{"line":91,"column":51}}},"9":{"name":"markTaskClaimable","line":96,"loc":{"start":{"line":96,"column":2},"end":{"line":96,"column":69}}},"10":{"name":"clearValidatorStake","line":114,"loc":{"start":{"line":114,"column":2},"end":{"line":114,"column":61}}}},"statementMap":{"1":{"start":{"line":42,"column":4},"end":{"line":42,"column":48}},"2":{"start":{"line":47,"column":4},"end":{"line":47,"column":46}},"3":{"start":{"line":56,"column":4},"end":{"line":56,"column":38}},"4":{"start":{"line":57,"column":4},"end":{"line":57,"column":40}},"5":{"start":{"line":58,"column":4},"end":{"line":58,"column":19}},"6":{"start":{"line":66,"column":4},"end":{"line":66,"column":25}},"7":{"start":{"line":70,"column":4},"end":{"line":70,"column":22}},"8":{"start":{"line":71,"column":4},"end":{"line":71,"column":36}},"9":{"start":{"line":72,"column":4},"end":{"line":72,"column":18}},"10":{"start":{"line":73,"column":4},"end":{"line":73,"column":19}},"11":{"start":{"line":74,"column":4},"end":{"line":74,"column":21}},"12":{"start":{"line":78,"column":4},"end":{"line":78,"column":18}},"13":{"start":{"line":82,"column":4},"end":{"line":82,"column":59}},"14":{"start":{"line":83,"column":4},"end":{"line":83,"column":2323}},"15":{"start":{"line":86,"column":4},"end":{"line":86,"column":2398}},"16":{"start":{"line":87,"column":6},"end":{"line":87,"column":29}},"17":{"start":{"line":92,"column":4},"end":{"line":92,"column":23}},"18":{"start":{"line":93,"column":4},"end":{"line":93,"column":19}},"19":{"start":{"line":97,"column":4},"end":{"line":97,"column":2760}},"20":{"start":{"line":98,"column":6},"end":{"line":98,"column":21}},"21":{"start":{"line":99,"column":6},"end":{"line":99,"column":2859}},"22":{"start":{"line":100,"column":8},"end":{"line":100,"column":28}},"23":{"start":{"line":103,"column":6},"end":{"line":103,"column":21}},"24":{"start":{"line":104,"column":6},"end":{"line":104,"column":2997}},"25":{"start":{"line":105,"column":8},"end":{"line":105,"column":28}},"26":{"start":{"line":106,"column":8},"end":{"line":106,"column":32}},"27":{"start":{"line":108,"column":8},"end":{"line":108,"column":35}},"28":{"start":{"line":111,"column":4},"end":{"line":111,"column":25}},"29":{"start":{"line":115,"column":4},"end":{"line":115,"column":32}}},"branchMap":{"1":{"line":42,"type":"if","locations":[{"start":{"line":42,"column":4},"end":{"line":42,"column":4}},{"start":{"line":42,"column":4},"end":{"line":42,"column":4}}]},"2":{"line":47,"type":"if","locations":[{"start":{"line":47,"column":4},"end":{"line":47,"column":4}},{"start":{"line":47,"column":4},"end":{"line":47,"column":4}}]},"3":{"line":83,"type":"cond-expr","locations":[{"start":{"line":83,"column":32},"end":{"line":83,"column":67}},{"start":{"line":83,"column":76},"end":{"line":83,"column":108}}]},"4":{"line":86,"type":"if","locations":[{"start":{"line":86,"column":4},"end":{"line":86,"column":4}},{"start":{"line":86,"column":4},"end":{"line":86,"column":4}}]},"5":{"line":92,"type":"if","locations":[{"start":{"line":92,"column":4},"end":{"line":92,"column":4}},{"start":{"line":92,"column":4},"end":{"line":92,"column":4}}]},"6":{"line":97,"type":"if","locations":[{"start":{"line":97,"column":4},"end":{"line":97,"column":4}},{"start":{"line":97,"column":4},"end":{"line":97,"column":4}}]},"7":{"line":99,"type":"if","locations":[{"start":{"line":99,"column":6},"end":{"line":99,"column":6}},{"start":{"line":99,"column":6},"end":{"line":99,"column":6}}]},"8":{"line":104,"type":"if","locations":[{"start":{"line":104,"column":6},"end":{"line":104,"column":6}},{"start":{"line":104,"column":6},"end":{"line":104,"column":6}}]}}},"contracts/TokenRegistry.sol":{"l":{"43":0,"44":0,"56":1,"57":1,"58":1,"59":1,"69":0,"70":0,"71":0,"72":0,"73":0,"74":0,"75":0,"79":0,"80":0,"81":0,"82":0,"83":0,"84":0,"92":0,"93":0,"95":0,"96":0,"97":0,"98":0,"99":0,"100":0,"103":0,"106":0,"107":0,"108":0,"109":0,"113":0,"114":0,"115":0,"123":0,"124":0,"125":0,"129":0,"130":0,"131":0,"132":0,"133":0,"134":0,"136":0,"138":0,"140":0,"141":0,"142":0,"150":0,"151":0,"153":0,"156":0,"157":0,"158":0,"159":0,"161":0,"165":0,"169":0,"170":0,"178":0,"179":0,"180":0,"181":0,"186":0,"187":0,"195":0,"198":0},"path":"/Users/shokishoki/development/consensys/distribute/contracts/contracts/TokenRegistry.sol","s":{"1":0,"2":1,"3":1,"4":1,"5":1,"6":0,"7":0,"8":0,"9":0,"10":0,"11":0,"12":0,"13":0,"14":0,"15":0,"16":0,"17":0,"18":0,"19":0,"20":0,"21":0,"22":0,"23":0,"24":0,"25":0,"26":0,"27":0,"28":0,"29":0,"30":0,"31":0,"32":0,"33":0,"34":0,"35":0,"36":0,"37":0,"38":0,"39":0,"40":0,"41":0,"42":0,"43":0,"44":0},"b":{"1":[0,0],"2":[1,0],"3":[0,0],"4":[0,0],"5":[0,0],"6":[0,0],"7":[0,0],"8":[0,0],"9":[0,0],"10":[0,0],"11":[0,0],"12":[0,0],"13":[0,0],"14":[0,0],"15":[0,0],"16":[0,0],"17":[0,0],"18":[0,0],"19":[0,0],"20":[0,0]},"f":{"1":0,"2":1,"3":0,"4":0,"5":0,"6":0,"7":0,"8":0,"9":0,"10":0,"11":0,"12":0,"13":0,"14":0,"15":0,"16":0},"fnMap":{"1":{"name":"onlyPR","line":42,"loc":{"start":{"line":42,"column":2},"end":{"line":42,"column":19}}},"2":{"name":"init","line":55,"loc":{"start":{"line":55,"column":4},"end":{"line":55,"column":95}}},"3":{"name":"proposeProject","line":66,"loc":{"start":{"line":66,"column":4},"end":{"line":66,"column":89}}},"4":{"name":"refundProposer","line":78,"loc":{"start":{"line":78,"column":4},"end":{"line":78,"column":57}}},"5":{"name":"stakeTokens","line":91,"loc":{"start":{"line":91,"column":4},"end":{"line":91,"column":71}}},"6":{"name":"unstakeTokens","line":112,"loc":{"start":{"line":112,"column":4},"end":{"line":112,"column":73}}},"7":{"name":"validateTask","line":122,"loc":{"start":{"line":122,"column":4},"end":{"line":122,"column":111}}},"8":{"name":"rewardValidator","line":128,"loc":{"start":{"line":128,"column":4},"end":{"line":128,"column":74}}},"9":{"name":"voteCommit","line":149,"loc":{"start":{"line":149,"column":4},"end":{"line":149,"column":128}}},"10":{"name":"voteReveal","line":164,"loc":{"start":{"line":164,"column":4},"end":{"line":164,"column":102}}},"11":{"name":"refundVotingTokens","line":168,"loc":{"start":{"line":168,"column":4},"end":{"line":168,"column":53}}},"12":{"name":"refundStaker","line":177,"loc":{"start":{"line":177,"column":4},"end":{"line":177,"column":55}}},"13":{"name":"rescueTokens","line":184,"loc":{"start":{"line":184,"column":4},"end":{"line":184,"column":68}}},"14":{"name":"revertWei","line":194,"loc":{"start":{"line":194,"column":4},"end":{"line":194,"column":50}}},"15":{"name":"burnTokens","line":197,"loc":{"start":{"line":197,"column":4},"end":{"line":197,"column":52}}},"16":{"name":null,"line":201,"loc":{"start":{"line":201,"column":2},"end":{"line":201,"column":27}}}},"statementMap":{"1":{"start":{"line":43,"column":4},"end":{"line":43,"column":50}},"2":{"start":{"line":56,"column":6},"end":{"line":56,"column":104}},"3":{"start":{"line":57,"column":6},"end":{"line":57,"column":56}},"4":{"start":{"line":58,"column":6},"end":{"line":58,"column":56}},"5":{"start":{"line":59,"column":6},"end":{"line":59,"column":41}},"6":{"start":{"line":69,"column":6},"end":{"line":69,"column":47}},"7":{"start":{"line":70,"column":6},"end":{"line":70,"column":83}},"8":{"start":{"line":71,"column":6},"end":{"line":71,"column":136}},"9":{"start":{"line":72,"column":6},"end":{"line":72,"column":72}},"10":{"start":{"line":74,"column":6},"end":{"line":74,"column":143}},"11":{"start":{"line":75,"column":6},"end":{"line":75,"column":61}},"12":{"start":{"line":79,"column":6},"end":{"line":79,"column":47}},"13":{"start":{"line":80,"column":6},"end":{"line":80,"column":46}},"14":{"start":{"line":81,"column":6},"end":{"line":81,"column":41}},"15":{"start":{"line":82,"column":6},"end":{"line":82,"column":85}},"16":{"start":{"line":92,"column":6},"end":{"line":92,"column":62}},"17":{"start":{"line":93,"column":6},"end":{"line":93,"column":47}},"18":{"start":{"line":95,"column":6},"end":{"line":95,"column":58}},"19":{"start":{"line":96,"column":6},"end":{"line":96,"column":64}},"20":{"start":{"line":97,"column":6},"end":{"line":97,"column":30}},"21":{"start":{"line":98,"column":6},"end":{"line":98,"column":45}},"22":{"start":{"line":99,"column":6},"end":{"line":99,"column":38}},"23":{"start":{"line":100,"column":6},"end":{"line":100,"column":4889}},"24":{"start":{"line":103,"column":6},"end":{"line":103,"column":5003}},"25":{"start":{"line":113,"column":6},"end":{"line":113,"column":81}},"26":{"start":{"line":123,"column":6},"end":{"line":123,"column":62}},"27":{"start":{"line":129,"column":6},"end":{"line":129,"column":47}},"28":{"start":{"line":130,"column":6},"end":{"line":130,"column":44}},"29":{"start":{"line":131,"column":6},"end":{"line":131,"column":30}},"30":{"start":{"line":132,"column":6},"end":{"line":132,"column":56}},"31":{"start":{"line":133,"column":6},"end":{"line":133,"column":6377}},"32":{"start":{"line":134,"column":8},"end":{"line":134,"column":27}},"33":{"start":{"line":135,"column":13},"end":{"line":135,"column":6461}},"34":{"start":{"line":136,"column":8},"end":{"line":136,"column":27}},"35":{"start":{"line":138,"column":8},"end":{"line":138,"column":15}},"36":{"start":{"line":150,"column":6},"end":{"line":150,"column":75}},"37":{"start":{"line":151,"column":6},"end":{"line":151,"column":25}},"38":{"start":{"line":153,"column":6},"end":{"line":153,"column":111}},"39":{"start":{"line":156,"column":6},"end":{"line":156,"column":7589}},"40":{"start":{"line":157,"column":8},"end":{"line":157,"column":82}},"41":{"start":{"line":178,"column":6},"end":{"line":178,"column":62}},"42":{"start":{"line":179,"column":6},"end":{"line":179,"column":24}},"43":{"start":{"line":180,"column":6},"end":{"line":180,"column":29}},"44":{"start":{"line":186,"column":6},"end":{"line":186,"column":75}}},"branchMap":{"1":{"line":43,"type":"if","locations":[{"start":{"line":43,"column":4},"end":{"line":43,"column":4}},{"start":{"line":43,"column":4},"end":{"line":43,"column":4}}]},"2":{"line":56,"type":"if","locations":[{"start":{"line":56,"column":6},"end":{"line":56,"column":6}},{"start":{"line":56,"column":6},"end":{"line":56,"column":6}}]},"3":{"line":69,"type":"if","locations":[{"start":{"line":69,"column":6},"end":{"line":69,"column":6}},{"start":{"line":69,"column":6},"end":{"line":69,"column":6}}]},"4":{"line":72,"type":"if","locations":[{"start":{"line":72,"column":6},"end":{"line":72,"column":6}},{"start":{"line":72,"column":6},"end":{"line":72,"column":6}}]},"5":{"line":80,"type":"if","locations":[{"start":{"line":80,"column":6},"end":{"line":80,"column":6}},{"start":{"line":80,"column":6},"end":{"line":80,"column":6}}]},"6":{"line":81,"type":"if","locations":[{"start":{"line":81,"column":6},"end":{"line":81,"column":6}},{"start":{"line":81,"column":6},"end":{"line":81,"column":6}}]},"7":{"line":92,"type":"if","locations":[{"start":{"line":92,"column":6},"end":{"line":92,"column":6}},{"start":{"line":92,"column":6},"end":{"line":92,"column":6}}]},"8":{"line":97,"type":"if","locations":[{"start":{"line":97,"column":6},"end":{"line":97,"column":6}},{"start":{"line":97,"column":6},"end":{"line":97,"column":6}}]},"9":{"line":100,"type":"cond-expr","locations":[{"start":{"line":100,"column":41},"end":{"line":100,"column":53}},{"start":{"line":100,"column":64},"end":{"line":100,"column":70}}]},"10":{"line":103,"type":"cond-expr","locations":[{"start":{"line":103,"column":39},"end":{"line":103,"column":70}},{"start":{"line":103,"column":82},"end":{"line":103,"column":89}}]},"11":{"line":123,"type":"if","locations":[{"start":{"line":123,"column":6},"end":{"line":123,"column":6}},{"start":{"line":123,"column":6},"end":{"line":123,"column":6}}]},"12":{"line":131,"type":"if","locations":[{"start":{"line":131,"column":6},"end":{"line":131,"column":6}},{"start":{"line":131,"column":6},"end":{"line":131,"column":6}}]},"13":{"line":133,"type":"if","locations":[{"start":{"line":133,"column":6},"end":{"line":133,"column":6}},{"start":{"line":133,"column":6},"end":{"line":133,"column":6}}]},"14":{"line":134,"type":"if","locations":[{"start":{"line":134,"column":8},"end":{"line":134,"column":8}},{"start":{"line":134,"column":8},"end":{"line":134,"column":8}}]},"15":{"line":135,"type":"if","locations":[{"start":{"line":135,"column":13},"end":{"line":135,"column":13}},{"start":{"line":135,"column":13},"end":{"line":135,"column":13}}]},"16":{"line":136,"type":"if","locations":[{"start":{"line":136,"column":8},"end":{"line":136,"column":8}},{"start":{"line":136,"column":8},"end":{"line":136,"column":8}}]},"17":{"line":151,"type":"if","locations":[{"start":{"line":151,"column":6},"end":{"line":151,"column":6}},{"start":{"line":151,"column":6},"end":{"line":151,"column":6}}]},"18":{"line":156,"type":"if","locations":[{"start":{"line":156,"column":6},"end":{"line":156,"column":6}},{"start":{"line":156,"column":6},"end":{"line":156,"column":6}}]},"19":{"line":157,"type":"if","locations":[{"start":{"line":157,"column":8},"end":{"line":157,"column":8}},{"start":{"line":157,"column":8},"end":{"line":157,"column":8}}]},"20":{"line":179,"type":"if","locations":[{"start":{"line":179,"column":6},"end":{"line":179,"column":6}},{"start":{"line":179,"column":6},"end":{"line":179,"column":6}}]}}}}