TN:
SF:/Users/shokishoki/development/consensys/distribute/contracts/contracts/DistributeToken.sol
FN:36,DistributeToken
FN:46,onlyTR
FN:51,onlyTRorRR
FN:64,currentPrice
FN:73,weiRequired
FN:78,targetPrice
FN:89,mint
FN:102,burn
FN:107,sell
FN:121,transferWeiTo
FN:127,returnWei
FN:131,transferToEscrow
FN:138,transferFromEscrow
FN:145,
FNF:14
FNH:13
FNDA:3,DistributeToken
FNDA:8,onlyTR
FNDA:2,onlyTRorRR
FNDA:43,currentPrice
FNDA:39,weiRequired
FNDA:40,targetPrice
FNDA:19,mint
FNDA:1,burn
FNDA:1,sell
FNDA:1,transferWeiTo
FNDA:1,returnWei
FNDA:1,transferToEscrow
FNDA:1,transferFromEscrow
FNDA:0,
DA:37,3
DA:38,3
DA:39,3
DA:47,8
DA:48,4
DA:52,2
DA:53,1
DA:66,43
DA:67,25
DA:68,25
DA:74,39
DA:75,39
DA:79,40
DA:80,40
DA:81,40
DA:82,40
DA:90,19
DA:91,19
DA:92,19
DA:93,19
DA:94,19
DA:95,19
DA:96,19
DA:97,19
DA:98,2
DA:103,1
DA:104,1
DA:108,1
DA:109,1
DA:110,1
DA:111,1
DA:112,1
DA:113,1
DA:114,1
DA:122,1
DA:123,1
DA:124,1
DA:128,1
DA:132,1
DA:133,1
DA:134,1
DA:135,1
DA:139,1
DA:140,1
DA:141,1
DA:142,1
LF:46
LH:46
BRDA:37,1,0,3
BRDA:37,1,1,0
BRDA:47,2,0,4
BRDA:47,2,1,4
BRDA:52,3,0,1
BRDA:52,3,1,1
BRDA:66,4,0,18
BRDA:66,4,1,25
BRDA:74,5,0,39
BRDA:74,5,1,0
BRDA:79,6,0,40
BRDA:79,6,1,0
BRDA:91,7,0,19
BRDA:91,7,1,0
BRDA:97,8,0,2
BRDA:97,8,1,17
BRDA:103,9,0,1
BRDA:103,9,1,0
BRDA:108,10,0,1
BRDA:108,10,1,0
BRDA:122,11,0,1
BRDA:122,11,1,0
BRDA:132,12,0,1
BRDA:132,12,1,0
BRDA:139,13,0,1
BRDA:139,13,1,0
BRF:26
BRH:17
end_of_record
TN:
SF:/Users/shokishoki/development/consensys/distribute/contracts/contracts/library/AttributeStore.sol
FN:8,getAttribute
FN:13,attachAttribute
FNF:2
FNH:0
FNDA:0,getAttribute
FNDA:0,attachAttribute
DA:9,0
DA:10,0
DA:14,0
DA:15,0
LF:4
LH:0
BRF:0
BRH:0
end_of_record
TN:
SF:/Users/shokishoki/development/consensys/distribute/contracts/contracts/library/Division.sol
FN:5,percent
FNF:1
FNH:1
FNDA:50,percent
DA:7,50
DA:9,50
LF:2
LH:2
BRF:0
BRH:0
end_of_record
TN:
SF:/Users/shokishoki/development/consensys/distribute/contracts/contracts/library/DLL.sol
FN:13,getNext
FN:17,getPrev
FN:21,insert
FN:29,remove
FNF:4
FNH:0
FNDA:0,getNext
FNDA:0,getPrev
FNDA:0,insert
FNDA:0,remove
DA:14,0
DA:18,0
DA:22,0
DA:23,0
DA:25,0
DA:26,0
DA:30,0
DA:31,0
DA:33,0
DA:34,0
DA:36,0
DA:37,0
LF:12
LH:0
BRF:0
BRH:0
end_of_record
TN:
SF:/Users/shokishoki/development/consensys/distribute/contracts/contracts/library/Migrations.sol
FN:7,restricted
FN:11,Migrations
FN:15,setCompleted
FN:19,upgrade
FNF:4
FNH:0
FNDA:0,restricted
FNDA:0,Migrations
FNDA:0,setCompleted
FNDA:0,upgrade
DA:8,0
DA:12,0
DA:16,0
DA:20,0
DA:21,0
LF:5
LH:0
BRDA:8,1,0,0
BRDA:8,1,1,0
BRF:2
BRH:0
end_of_record
TN:
SF:/Users/shokishoki/development/consensys/distribute/contracts/contracts/library/PLCRVoting.sol
FN:46,onlyTRRR
FN:51,onlyTR
FN:69,PLCRVoting
FN:85,requestVotingRights
FN:101,withdrawVotingRights
FN:120,rescueTokens
FN:138,commitVote
FN:178,validPosition
FN:191,revealVote
FN:214,getNumPassingTokens
FN:235,startPoll
FN:255,isPassed
FN:272,getTotalNumberOfTokensForWinningOption
FN:286,pollEnded
FN:298,commitPeriodActive
FN:309,revealPeriodActive
FN:321,hasBeenRevealed
FN:335,pollExists
FN:356,getCommitHash
FN:366,getNumTokens
FN:375,getLastNode
FN:384,getLockedTokens
FN:394,getInsertPointForNumTokens
FN:419,isExpired
FN:428,attrUUID
FNF:25
FNH:1
FNDA:0,onlyTRRR
FNDA:0,onlyTR
FNDA:1,PLCRVoting
FNDA:0,requestVotingRights
FNDA:0,withdrawVotingRights
FNDA:0,rescueTokens
FNDA:0,commitVote
FNDA:0,validPosition
FNDA:0,revealVote
FNDA:0,getNumPassingTokens
FNDA:0,startPoll
FNDA:0,isPassed
FNDA:0,getTotalNumberOfTokensForWinningOption
FNDA:0,pollEnded
FNDA:0,commitPeriodActive
FNDA:0,revealPeriodActive
FNDA:0,hasBeenRevealed
FNDA:0,pollExists
FNDA:0,getCommitHash
FNDA:0,getNumTokens
FNDA:0,getLastNode
FNDA:0,getLockedTokens
FNDA:0,getInsertPointForNumTokens
FNDA:0,isExpired
FNDA:0,attrUUID
DA:47,0
DA:48,0
DA:52,0
DA:53,0
DA:70,1
DA:71,1
DA:72,1
DA:73,1
DA:87,0
DA:88,0
DA:89,0
DA:91,0
DA:92,0
DA:93,0
DA:102,0
DA:103,0
DA:104,0
DA:105,0
DA:106,0
DA:109,0
DA:110,0
DA:111,0
DA:112,0
DA:121,0
DA:122,0
DA:123,0
DA:139,0
DA:141,0
DA:142,0
DA:144,0
DA:145,0
DA:148,0
DA:152,0
DA:154,0
DA:157,0
DA:159,0
DA:160,0
DA:162,0
DA:164,0
DA:165,0
DA:167,0
DA:179,0
DA:181,0
DA:182,0
DA:193,0
DA:194,0
DA:195,0
DA:197,0
DA:199,0
DA:200,0
DA:202,0
DA:204,0
DA:206,0
DA:215,0
DA:216,0
DA:218,0
DA:219,0
DA:220,0
DA:222,0
DA:236,0
DA:237,0
DA:238,0
DA:246,0
DA:247,0
DA:256,0
DA:257,0
DA:259,0
DA:260,0
DA:273,0
DA:275,0
DA:276,0
DA:278,0
DA:287,0
DA:289,0
DA:299,0
DA:301,0
DA:310,0
DA:312,0
DA:322,0
DA:324,0
DA:325,0
DA:327,0
DA:336,0
DA:337,0
DA:339,0
DA:340,0
DA:342,0
DA:343,0
DA:357,0
DA:367,0
DA:376,0
DA:385,0
DA:396,0
DA:397,0
DA:399,0
DA:400,0
DA:401,0
DA:402,0
DA:404,0
DA:407,0
DA:420,0
DA:429,0
LF:102
LH:4
BRDA:47,1,0,0
BRDA:47,1,1,0
BRDA:52,2,0,0
BRDA:52,2,1,0
BRDA:87,3,0,0
BRDA:87,3,1,0
BRDA:91,4,0,0
BRDA:91,4,1,0
BRDA:102,5,0,0
BRDA:102,5,1,0
BRDA:104,6,0,0
BRDA:104,6,1,0
BRDA:108,7,0,0
BRDA:108,7,1,0
BRDA:110,8,0,0
BRDA:110,8,1,0
BRDA:121,9,0,0
BRDA:121,9,1,0
BRDA:122,10,0,0
BRDA:122,10,1,0
BRDA:139,11,0,0
BRDA:139,11,1,0
BRDA:141,12,0,0
BRDA:141,12,1,0
BRDA:142,13,0,0
BRDA:142,13,1,0
BRDA:144,14,0,0
BRDA:144,14,1,0
BRDA:145,15,0,0
BRDA:145,15,1,0
BRDA:148,16,0,0
BRDA:148,16,1,0
BRDA:152,17,0,0
BRDA:152,17,1,0
BRDA:157,18,0,0
BRDA:157,18,1,0
BRDA:159,19,0,0
BRDA:159,19,1,0
BRDA:193,20,0,0
BRDA:193,20,1,0
BRDA:194,21,0,0
BRDA:194,21,1,0
BRDA:195,22,0,0
BRDA:195,22,1,0
BRDA:199,23,0,0
BRDA:199,23,1,0
BRDA:215,24,0,0
BRDA:215,24,1,0
BRDA:216,25,0,0
BRDA:216,25,1,0
BRDA:218,26,0,0
BRDA:218,26,1,0
BRDA:236,27,0,0
BRDA:236,27,1,0
BRDA:256,28,0,0
BRDA:256,28,1,0
BRDA:257,29,0,0
BRDA:257,29,1,0
BRDA:273,30,0,0
BRDA:273,30,1,0
BRDA:275,31,0,0
BRDA:275,31,1,0
BRDA:287,32,0,0
BRDA:287,32,1,0
BRDA:299,33,0,0
BRDA:299,33,1,0
BRDA:310,34,0,0
BRDA:310,34,1,0
BRDA:322,35,0,0
BRDA:322,35,1,0
BRDA:339,36,0,0
BRDA:339,36,1,0
BRDA:340,37,0,0
BRDA:340,37,1,0
BRDA:342,38,0,0
BRDA:342,38,1,0
BRDA:401,39,0,0
BRDA:401,39,1,0
BRF:78
BRH:0
end_of_record
TN:
SF:/Users/shokishoki/development/consensys/distribute/contracts/contracts/library/SafeMath.sol
FN:14,mul
FN:26,div
FN:36,sub
FN:44,add
FNF:4
FNH:1
FNDA:0,mul
FNDA:0,div
FNDA:4,sub
FNDA:0,add
DA:15,0
DA:16,0
DA:18,0
DA:19,0
DA:20,0
DA:28,0
DA:30,0
DA:37,4
DA:38,4
DA:45,0
DA:46,0
DA:47,0
LF:12
LH:2
BRDA:15,1,0,0
BRDA:15,1,1,0
BRDA:19,2,0,0
BRDA:19,2,1,0
BRDA:37,3,0,4
BRDA:37,3,1,0
BRDA:46,4,0,0
BRDA:46,4,1,0
BRF:8
BRH:1
end_of_record
TN:
SF:/Users/shokishoki/development/consensys/distribute/contracts/contracts/library/StandardToken.sol
FN:17,transfer
FN:29,transferFrom
FN:43,balanceOf
FN:47,approve
FN:53,allowance
FNF:5
FNH:1
FNDA:0,transfer
FNDA:0,transferFrom
FNDA:19,balanceOf
FNDA:0,approve
FNDA:0,allowance
DA:22,0
DA:23,0
DA:24,0
DA:25,0
DA:26,0
DA:32,0
DA:33,0
DA:34,0
DA:35,0
DA:36,0
DA:37,0
DA:39,0
DA:40,0
DA:44,19
DA:48,0
DA:49,0
DA:50,0
DA:55,0
LF:18
LH:1
BRDA:22,1,0,0
BRDA:22,1,1,0
BRDA:33,2,0,0
BRDA:33,2,1,0
BRDA:36,3,0,0
BRDA:36,3,1,0
BRF:6
BRH:0
end_of_record
TN:
SF:/Users/shokishoki/development/consensys/distribute/contracts/contracts/library/Token.sol
FNF:0
FNH:0
LF:0
LH:0
BRF:0
BRH:0
end_of_record
TN:
SF:/Users/shokishoki/development/consensys/distribute/contracts/contracts/Project.sol
FN:67,onlyPR
FN:72,onlyTR
FN:77,onlyRR
FN:82,isTR
FN:87,isRR
FN:97,Project
FN:129,getTaskCount
FN:137,setState
FN:142,clearProposerStake
FN:146,clearTokenStake
FN:150,clearReputationStake
FN:154,clearStake
FN:159,setTaskLength
FN:163,setTaskAddress
FN:168,setPassAmount
FN:176,stakeTokens
FN:183,unstakeTokens
FN:194,stakeReputation
FN:201,unstakeReputation
FN:213,transferWeiReward
FN:219,returnWei
FN:223,
FNF:22
FNH:10
FNDA:5,onlyPR
FNDA:7,onlyTR
FNDA:4,onlyRR
FNDA:1,isTR
FNDA:0,isRR
FNDA:2,Project
FNDA:0,getTaskCount
FNDA:3,setState
FNDA:0,clearProposerStake
FNDA:0,clearTokenStake
FNDA:0,clearReputationStake
FNDA:0,clearStake
FNDA:0,setTaskLength
FNDA:0,setTaskAddress
FNDA:0,setPassAmount
FNDA:3,stakeTokens
FNDA:2,unstakeTokens
FNDA:1,stakeReputation
FNDA:1,unstakeReputation
FNDA:0,transferWeiReward
FNDA:0,returnWei
FNDA:0,
DA:68,5
DA:69,3
DA:73,7
DA:74,5
DA:78,4
DA:79,2
DA:83,1
DA:88,0
DA:108,2
DA:109,2
DA:110,2
DA:111,2
DA:112,2
DA:113,2
DA:114,2
DA:115,2
DA:116,2
DA:117,2
DA:118,2
DA:130,0
DA:138,3
DA:139,3
DA:143,0
DA:147,0
DA:151,0
DA:155,0
DA:156,0
DA:160,0
DA:164,0
DA:165,0
DA:169,0
DA:177,3
DA:178,3
DA:179,3
DA:180,3
DA:184,2
DA:185,2
DA:187,2
DA:188,2
DA:189,2
DA:190,2
DA:191,2
DA:195,1
DA:196,1
DA:197,1
DA:198,1
DA:202,1
DA:203,1
DA:205,1
DA:206,1
DA:214,0
DA:215,0
DA:216,0
DA:220,0
LF:54
LH:39
BRDA:68,1,0,3
BRDA:68,1,1,2
BRDA:73,2,0,5
BRDA:73,2,1,2
BRDA:78,3,0,2
BRDA:78,3,1,2
BRDA:164,4,0,0
BRDA:164,4,1,0
BRDA:177,5,0,3
BRDA:177,5,1,0
BRDA:184,6,0,2
BRDA:184,6,1,0
BRDA:185,7,0,2
BRDA:185,7,1,0
BRDA:195,8,0,1
BRDA:195,8,1,0
BRDA:196,9,0,1
BRDA:196,9,1,0
BRDA:202,10,0,1
BRDA:202,10,1,0
BRDA:203,11,0,1
BRDA:203,11,1,0
BRDA:214,12,0,0
BRDA:214,12,1,0
BRF:24
BRH:13
end_of_record
TN:
SF:/Users/shokishoki/development/consensys/distribute/contracts/contracts/ProjectLibrary.sol
FN:27,isStaker
FN:32,isStaked
FN:37,timesUp
FN:41,calculateWeightOfAddress
FN:56,checkStaked
FN:72,checkActive
FN:89,checkValidate
FN:108,checkVoting
FN:133,checkEnd
FN:165,validate
FN:178,calculatePassAmount
FN:196,claimTaskReward
FN:212,refundStaker
FN:224,handleTokenStaker
FN:234,handleReputationStaker
FNF:15
FNH:7
FNDA:5,isStaker
FNDA:3,isStaked
FNDA:3,timesUp
FNDA:4,calculateWeightOfAddress
FNDA:1,checkStaked
FNDA:0,checkActive
FNDA:0,checkValidate
FNDA:0,checkVoting
FNDA:0,checkEnd
FNDA:0,validate
FNDA:0,calculatePassAmount
FNDA:0,claimTaskReward
FNDA:1,refundStaker
FNDA:1,handleTokenStaker
FNDA:0,handleReputationStaker
DA:28,5
DA:29,5
DA:33,3
DA:34,3
DA:38,3
DA:42,4
DA:43,4
DA:44,4
DA:45,4
DA:48,4
DA:51,4
DA:57,1
DA:58,1
DA:59,1
DA:60,0
DA:61,0
DA:62,0
DA:64,1
DA:65,0
DA:66,0
DA:68,1
DA:70,0
DA:73,0
DA:74,0
DA:75,0
DA:76,0
DA:77,0
DA:78,0
DA:79,0
DA:80,0
DA:82,0
DA:83,0
DA:86,0
DA:90,0
DA:91,0
DA:92,0
DA:93,0
DA:94,0
DA:95,0
DA:96,0
DA:97,0
DA:98,0
DA:99,0
DA:100,0
DA:101,0
DA:102,0
DA:109,0
DA:110,0
DA:111,0
DA:112,0
DA:113,0
DA:114,0
DA:115,0
DA:116,0
DA:117,0
DA:118,0
DA:119,0
DA:121,0
DA:122,0
DA:123,0
DA:124,0
DA:125,0
DA:134,0
DA:135,0
DA:136,0
DA:137,0
DA:138,0
DA:139,0
DA:140,0
DA:141,0
DA:142,0
DA:143,0
DA:145,0
DA:146,0
DA:147,0
DA:148,0
DA:153,0
DA:154,0
DA:155,0
DA:157,0
DA:166,0
DA:167,0
DA:168,0
DA:169,0
DA:170,0
DA:171,0
DA:174,0
DA:179,0
DA:180,0
DA:181,0
DA:182,0
DA:183,0
DA:184,0
DA:185,0
DA:188,0
DA:189,0
DA:197,0
DA:198,0
DA:199,0
DA:200,0
DA:201,0
DA:202,0
DA:203,0
DA:204,0
DA:205,0
DA:213,1
DA:214,1
DA:215,1
DA:216,1
DA:218,0
DA:220,0
DA:225,1
DA:227,1
DA:228,1
DA:230,1
DA:231,1
DA:235,0
DA:236,0
DA:237,0
DA:239,0
DA:240,0
LF:121
LH:25
BRDA:45,1,0,4
BRDA:45,1,1,0
BRDA:48,2,0,4
BRDA:48,2,1,0
BRDA:58,3,0,1
BRDA:58,3,1,0
BRDA:59,4,0,0
BRDA:59,4,1,1
BRDA:64,5,0,0
BRDA:64,5,1,1
BRDA:74,6,0,0
BRDA:74,6,1,0
BRDA:75,7,0,0
BRDA:75,7,1,0
BRDA:77,8,0,0
BRDA:77,8,1,0
BRDA:92,9,0,0
BRDA:92,9,1,0
BRDA:93,10,0,0
BRDA:93,10,1,0
BRDA:98,11,0,0
BRDA:98,11,1,0
BRDA:112,12,0,0
BRDA:112,12,1,0
BRDA:113,13,0,0
BRDA:113,13,1,0
BRDA:117,14,0,0
BRDA:117,14,1,0
BRDA:118,15,0,0
BRDA:118,15,1,0
BRDA:122,16,0,0
BRDA:122,16,1,0
BRDA:137,17,0,0
BRDA:137,17,1,0
BRDA:140,18,0,0
BRDA:140,18,1,0
BRDA:141,19,0,0
BRDA:141,19,1,0
BRDA:142,20,0,0
BRDA:142,20,1,0
BRDA:154,21,0,0
BRDA:154,21,1,0
BRDA:167,22,0,0
BRDA:167,22,1,0
BRDA:169,23,0,0
BRDA:169,23,1,0
BRDA:170,24,0,0
BRDA:170,24,1,0
BRDA:173,25,0,0
BRDA:173,25,1,0
BRDA:181,26,0,0
BRDA:181,26,1,0
BRDA:184,27,0,0
BRDA:184,27,1,0
BRDA:198,28,0,0
BRDA:198,28,1,0
BRDA:200,29,0,0
BRDA:200,29,1,0
BRDA:214,30,0,1
BRDA:214,30,1,0
BRDA:215,31,0,1
BRDA:215,31,1,0
BRDA:217,32,0,0
BRDA:217,32,1,0
BRDA:227,33,0,1
BRDA:227,33,1,0
BRDA:236,34,0,0
BRDA:236,34,1,0
BRF:68
BRH:8
end_of_record
TN:
SF:/Users/shokishoki/development/consensys/distribute/contracts/contracts/ProjectRegistry.sol
FN:41,onlyTR
FN:46,onlyRR
FN:50,onlyTRorRR
FN:59,init
FN:76,checkStaked
FN:80,checkActive
FN:84,checkValidate
FN:88,checkVoting
FN:92,checkEnd
FN:106,createProject
FN:124,refundProposer
FN:139,addTaskHash
FN:149,stakedTaskHash
FN:168,submitHashList
FN:180,claimTask
FN:192,submitTaskComplete
FNF:16
FNH:2
FNDA:0,onlyTR
FNDA:0,onlyRR
FNDA:0,onlyTRorRR
FNDA:1,init
FNDA:1,checkStaked
FNDA:0,checkActive
FNDA:0,checkValidate
FNDA:0,checkVoting
FNDA:0,checkEnd
FNDA:0,createProject
FNDA:0,refundProposer
FNDA:0,addTaskHash
FNDA:0,stakedTaskHash
FNDA:0,submitHashList
FNDA:0,claimTask
FNDA:0,submitTaskComplete
DA:42,0
DA:43,0
DA:47,0
DA:48,0
DA:51,0
DA:52,0
DA:60,1
DA:61,1
DA:62,1
DA:63,1
DA:64,1
DA:77,1
DA:81,0
DA:85,0
DA:89,0
DA:93,0
DA:94,0
DA:95,0
DA:96,0
DA:97,0
DA:98,0
DA:109,0
DA:119,0
DA:120,0
DA:121,0
DA:125,0
DA:126,0
DA:127,0
DA:128,0
DA:129,0
DA:130,0
DA:131,0
DA:132,0
DA:140,0
DA:141,0
DA:142,0
DA:143,0
DA:144,0
DA:145,0
DA:150,0
DA:151,0
DA:152,0
DA:153,0
DA:155,0
DA:156,0
DA:157,0
DA:159,0
DA:169,0
DA:170,0
DA:171,0
DA:172,0
DA:173,0
DA:174,0
DA:175,0
DA:182,0
DA:183,0
DA:184,0
DA:185,0
DA:186,0
DA:187,0
DA:188,0
DA:193,0
DA:194,0
DA:195,0
DA:196,0
DA:197,0
DA:198,0
LF:67
LH:6
BRDA:42,1,0,0
BRDA:42,1,1,0
BRDA:47,2,0,0
BRDA:47,2,1,0
BRDA:51,3,0,0
BRDA:51,3,1,0
BRDA:60,4,0,1
BRDA:60,4,1,0
BRDA:95,5,0,0
BRDA:95,5,1,0
BRDA:126,6,0,0
BRDA:126,6,1,0
BRDA:128,7,0,0
BRDA:128,7,1,0
BRDA:141,8,0,0
BRDA:141,8,1,0
BRDA:143,9,0,0
BRDA:143,9,1,0
BRDA:151,10,0,0
BRDA:151,10,1,0
BRDA:157,11,0,0
BRDA:157,11,1,0
BRDA:170,12,0,0
BRDA:170,12,1,0
BRDA:171,13,0,0
BRDA:171,13,1,0
BRDA:183,14,0,0
BRDA:183,14,1,0
BRDA:185,15,0,0
BRDA:185,15,1,0
BRDA:186,16,0,0
BRDA:186,16,1,0
BRDA:195,17,0,0
BRDA:195,17,1,0
BRDA:196,18,0,0
BRDA:196,18,1,0
BRDA:197,19,0,0
BRDA:197,19,1,0
BRF:38
BRH:1
end_of_record
TN:
SF:/Users/shokishoki/development/consensys/distribute/contracts/contracts/ReputationRegistry.sol
FN:50,onlyPR
FN:63,init
FN:74,averageBalance
FN:82,register
FN:91,faucet
FN:103,proposeProject
FN:115,refundProposer
FN:128,stakeReputation
FN:135,unstakeReputation
FN:145,claimTask
FN:154,rewardTask
FN:163,voteCommit
FN:179,voteReveal
FN:185,refundVotingReputation
FN:194,refundStaker
FN:205,burnReputation
FNF:16
FNH:4
FNDA:0,onlyPR
FNDA:1,init
FNDA:0,averageBalance
FNDA:1,register
FNDA:0,faucet
FNDA:0,proposeProject
FNDA:0,refundProposer
FNDA:1,stakeReputation
FNDA:1,unstakeReputation
FNDA:0,claimTask
FNDA:0,rewardTask
FNDA:0,voteCommit
FNDA:0,voteReveal
FNDA:0,refundVotingReputation
FNDA:0,refundStaker
FNDA:0,burnReputation
DA:51,0
DA:52,0
DA:64,1
DA:65,1
DA:66,1
DA:67,1
DA:75,0
DA:83,1
DA:84,1
DA:85,1
DA:86,1
DA:87,1
DA:92,0
DA:93,0
DA:94,0
DA:95,0
DA:96,0
DA:106,0
DA:107,0
DA:108,0
DA:109,0
DA:110,0
DA:111,0
DA:112,0
DA:116,0
DA:117,0
DA:118,0
DA:119,0
DA:120,0
DA:121,0
DA:129,1
DA:130,1
DA:131,1
DA:132,1
DA:136,1
DA:137,1
DA:138,1
DA:146,0
DA:147,0
DA:148,0
DA:149,0
DA:150,0
DA:151,0
DA:155,0
DA:156,0
DA:164,0
DA:165,0
DA:166,0
DA:168,0
DA:171,0
DA:172,0
DA:173,0
DA:174,0
DA:176,0
DA:180,0
DA:181,0
DA:182,0
DA:186,0
DA:187,0
DA:195,0
DA:196,0
DA:197,0
DA:198,0
DA:206,0
LF:64
LH:16
BRDA:51,1,0,0
BRDA:51,1,1,0
BRDA:64,2,0,1
BRDA:64,2,1,0
BRDA:83,3,0,1
BRDA:83,3,1,0
BRDA:92,4,0,0
BRDA:92,4,1,0
BRDA:106,5,0,0
BRDA:106,5,1,0
BRDA:109,6,0,0
BRDA:109,6,1,0
BRDA:117,7,0,0
BRDA:117,7,1,0
BRDA:118,8,0,0
BRDA:118,8,1,0
BRDA:129,9,0,1
BRDA:129,9,1,0
BRDA:136,10,0,1
BRDA:136,10,1,0
BRDA:148,11,0,0
BRDA:148,11,1,0
BRDA:164,12,0,0
BRDA:164,12,1,0
BRDA:171,13,0,0
BRDA:171,13,1,0
BRDA:172,14,0,0
BRDA:172,14,1,0
BRDA:196,15,0,0
BRDA:196,15,1,0
BRF:30
BRH:4
end_of_record
TN:
SF:/Users/shokishoki/development/consensys/distribute/contracts/contracts/Task.sol
FN:41,onlyPR
FN:46,onlyTR
FN:55,Task
FN:65,setWeighting
FN:69,setTaskReward
FN:77,markTaskComplete
FN:81,setValidator
FN:91,setPollId
FN:96,markTaskClaimable
FN:114,clearValidatorStake
FNF:10
FNH:0
FNDA:0,onlyPR
FNDA:0,onlyTR
FNDA:0,Task
FNDA:0,setWeighting
FNDA:0,setTaskReward
FNDA:0,markTaskComplete
FNDA:0,setValidator
FNDA:0,setPollId
FNDA:0,markTaskClaimable
FNDA:0,clearValidatorStake
DA:42,0
DA:43,0
DA:47,0
DA:48,0
DA:56,0
DA:57,0
DA:58,0
DA:66,0
DA:70,0
DA:71,0
DA:72,0
DA:73,0
DA:74,0
DA:78,0
DA:82,0
DA:83,0
DA:86,0
DA:87,0
DA:92,0
DA:93,0
DA:97,0
DA:98,0
DA:99,0
DA:100,0
DA:103,0
DA:104,0
DA:105,0
DA:106,0
DA:108,0
DA:111,0
DA:115,0
LF:31
LH:0
BRDA:42,1,0,0
BRDA:42,1,1,0
BRDA:47,2,0,0
BRDA:47,2,1,0
BRDA:83,3,0,0
BRDA:83,3,1,0
BRDA:86,4,0,0
BRDA:86,4,1,0
BRDA:92,5,0,0
BRDA:92,5,1,0
BRDA:97,6,0,0
BRDA:97,6,1,0
BRDA:99,7,0,0
BRDA:99,7,1,0
BRDA:104,8,0,0
BRDA:104,8,1,0
BRF:16
BRH:0
end_of_record
TN:
SF:/Users/shokishoki/development/consensys/distribute/contracts/contracts/TokenRegistry.sol
FN:42,onlyPR
FN:55,init
FN:66,proposeProject
FN:78,refundProposer
FN:91,stakeTokens
FN:112,unstakeTokens
FN:122,validateTask
FN:128,rewardValidator
FN:149,voteCommit
FN:164,voteReveal
FN:168,refundVotingTokens
FN:177,refundStaker
FN:184,rescueTokens
FN:194,revertWei
FN:197,burnTokens
FN:201,
FNF:16
FNH:1
FNDA:0,onlyPR
FNDA:1,init
FNDA:0,proposeProject
FNDA:0,refundProposer
FNDA:0,stakeTokens
FNDA:0,unstakeTokens
FNDA:0,validateTask
FNDA:0,rewardValidator
FNDA:0,voteCommit
FNDA:0,voteReveal
FNDA:0,refundVotingTokens
FNDA:0,refundStaker
FNDA:0,rescueTokens
FNDA:0,revertWei
FNDA:0,burnTokens
FNDA:0,
DA:43,0
DA:44,0
DA:56,1
DA:57,1
DA:58,1
DA:59,1
DA:69,0
DA:70,0
DA:71,0
DA:72,0
DA:73,0
DA:74,0
DA:75,0
DA:79,0
DA:80,0
DA:81,0
DA:82,0
DA:83,0
DA:84,0
DA:92,0
DA:93,0
DA:95,0
DA:96,0
DA:97,0
DA:98,0
DA:99,0
DA:100,0
DA:103,0
DA:106,0
DA:107,0
DA:108,0
DA:109,0
DA:113,0
DA:114,0
DA:115,0
DA:123,0
DA:124,0
DA:125,0
DA:129,0
DA:130,0
DA:131,0
DA:132,0
DA:133,0
DA:134,0
DA:136,0
DA:138,0
DA:140,0
DA:141,0
DA:142,0
DA:150,0
DA:151,0
DA:153,0
DA:156,0
DA:157,0
DA:158,0
DA:159,0
DA:161,0
DA:165,0
DA:169,0
DA:170,0
DA:178,0
DA:179,0
DA:180,0
DA:181,0
DA:186,0
DA:187,0
DA:195,0
DA:198,0
LF:68
LH:4
BRDA:43,1,0,0
BRDA:43,1,1,0
BRDA:56,2,0,1
BRDA:56,2,1,0
BRDA:69,3,0,0
BRDA:69,3,1,0
BRDA:72,4,0,0
BRDA:72,4,1,0
BRDA:80,5,0,0
BRDA:80,5,1,0
BRDA:81,6,0,0
BRDA:81,6,1,0
BRDA:92,7,0,0
BRDA:92,7,1,0
BRDA:97,8,0,0
BRDA:97,8,1,0
BRDA:100,9,0,0
BRDA:100,9,1,0
BRDA:103,10,0,0
BRDA:103,10,1,0
BRDA:123,11,0,0
BRDA:123,11,1,0
BRDA:131,12,0,0
BRDA:131,12,1,0
BRDA:133,13,0,0
BRDA:133,13,1,0
BRDA:134,14,0,0
BRDA:134,14,1,0
BRDA:135,15,0,0
BRDA:135,15,1,0
BRDA:136,16,0,0
BRDA:136,16,1,0
BRDA:151,17,0,0
BRDA:151,17,1,0
BRDA:156,18,0,0
BRDA:156,18,1,0
BRDA:157,19,0,0
BRDA:157,19,1,0
BRDA:179,20,0,0
BRDA:179,20,1,0
BRF:40
BRH:1
end_of_record
