TN:
SF:/Users/shokishoki/development/consensys/distribute/contracts/contracts/DistributeToken.sol
FN:35,DistributeToken
FN:45,onlyTR
FN:50,onlyTRorRR
FN:63,currentPrice
FN:69,percent
FN:76,weiRequired
FN:81,targetPrice
FN:94,mint
FN:107,burn
FN:112,sell
FN:126,transferWeiTo
FN:134,returnWei
FN:138,transferToEscrow
FN:145,transferFromEscrow
FN:152,
FNF:15
FNH:13
FNDA:3,DistributeToken
FNDA:6,onlyTR
FNDA:1,onlyTRorRR
FNDA:26,currentPrice
FNDA:23,percent
FNDA:39,weiRequired
FNDA:40,targetPrice
FNDA:19,mint
FNDA:1,burn
FNDA:1,sell
FNDA:1,transferWeiTo
FNDA:0,returnWei
FNDA:1,transferToEscrow
FNDA:1,transferFromEscrow
FNDA:0,
DA:36,3
DA:37,3
DA:38,3
DA:46,6
DA:47,3
DA:51,1
DA:52,1
DA:65,26
DA:66,25
DA:71,23
DA:73,23
DA:77,39
DA:78,39
DA:82,40
DA:83,40
DA:84,17
DA:86,23
DA:87,23
DA:88,23
DA:95,19
DA:96,19
DA:97,19
DA:98,19
DA:99,19
DA:100,19
DA:101,19
DA:102,19
DA:103,2
DA:108,1
DA:109,1
DA:113,1
DA:114,1
DA:115,1
DA:116,1
DA:117,1
DA:118,1
DA:119,1
DA:127,1
DA:128,1
DA:129,1
DA:135,0
DA:139,1
DA:140,1
DA:141,1
DA:142,1
DA:146,1
DA:147,1
DA:148,1
DA:149,1
LF:49
LH:48
BRDA:36,1,0,3
BRDA:36,1,1,0
BRDA:46,2,0,3
BRDA:46,2,1,3
BRDA:51,3,0,1
BRDA:51,3,1,0
BRDA:65,4,0,1
BRDA:65,4,1,25
BRDA:77,5,0,39
BRDA:77,5,1,0
BRDA:82,6,0,40
BRDA:82,6,1,0
BRDA:83,7,0,17
BRDA:83,7,1,23
BRDA:96,8,0,19
BRDA:96,8,1,0
BRDA:102,9,0,2
BRDA:102,9,1,17
BRDA:108,10,0,1
BRDA:108,10,1,0
BRDA:113,11,0,1
BRDA:113,11,1,0
BRDA:127,12,0,1
BRDA:127,12,1,0
BRDA:139,13,0,1
BRDA:139,13,1,0
BRDA:146,14,0,1
BRDA:146,14,1,0
BRF:28
BRH:18
end_of_record
TN:
SF:/Users/shokishoki/development/consensys/distribute/contracts/contracts/library/AttributeStore.sol
FN:8,getAttribute
FN:13,attachAttribute
FNF:2
FNH:0
FNDA:0,getAttribute
FNDA:0,attachAttribute
DA:9,0
DA:10,0
DA:14,0
DA:15,0
LF:4
LH:0
BRF:0
BRH:0
end_of_record
TN:
SF:/Users/shokishoki/development/consensys/distribute/contracts/contracts/library/DLL.sol
FN:13,getNext
FN:17,getPrev
FN:21,insert
FN:29,remove
FNF:4
FNH:0
FNDA:0,getNext
FNDA:0,getPrev
FNDA:0,insert
FNDA:0,remove
DA:14,0
DA:18,0
DA:22,0
DA:23,0
DA:25,0
DA:26,0
DA:30,0
DA:31,0
DA:33,0
DA:34,0
DA:36,0
DA:37,0
LF:12
LH:0
BRF:0
BRH:0
end_of_record
TN:
SF:/Users/shokishoki/development/consensys/distribute/contracts/contracts/library/Migrations.sol
FN:7,restricted
FN:11,Migrations
FN:15,setCompleted
FN:19,upgrade
FNF:4
FNH:1
FNDA:0,restricted
FNDA:1,Migrations
FNDA:0,setCompleted
FNDA:0,upgrade
DA:8,0
DA:12,1
DA:16,0
DA:20,0
DA:21,0
LF:5
LH:1
BRDA:8,1,0,0
BRDA:8,1,1,0
BRF:2
BRH:0
end_of_record
TN:
SF:/Users/shokishoki/development/consensys/distribute/contracts/contracts/library/PLCRVoting.sol
FN:46,onlyTRRR
FN:51,onlyTR
FN:69,PLCRVoting
FN:85,requestVotingRights
FN:101,withdrawVotingRights
FN:120,rescueTokens
FN:138,commitVote
FN:178,validPosition
FN:191,revealVote
FN:214,getNumPassingTokens
FN:235,startPoll
FN:255,isPassed
FN:272,getTotalNumberOfTokensForWinningOption
FN:286,pollEnded
FN:298,commitPeriodActive
FN:309,revealPeriodActive
FN:321,hasBeenRevealed
FN:335,pollExists
FN:356,getCommitHash
FN:366,getNumTokens
FN:375,getLastNode
FN:384,getLockedTokens
FN:394,getInsertPointForNumTokens
FN:419,isExpired
FN:428,attrUUID
FNF:25
FNH:1
FNDA:0,onlyTRRR
FNDA:0,onlyTR
FNDA:1,PLCRVoting
FNDA:0,requestVotingRights
FNDA:0,withdrawVotingRights
FNDA:0,rescueTokens
FNDA:0,commitVote
FNDA:0,validPosition
FNDA:0,revealVote
FNDA:0,getNumPassingTokens
FNDA:0,startPoll
FNDA:0,isPassed
FNDA:0,getTotalNumberOfTokensForWinningOption
FNDA:0,pollEnded
FNDA:0,commitPeriodActive
FNDA:0,revealPeriodActive
FNDA:0,hasBeenRevealed
FNDA:0,pollExists
FNDA:0,getCommitHash
FNDA:0,getNumTokens
FNDA:0,getLastNode
FNDA:0,getLockedTokens
FNDA:0,getInsertPointForNumTokens
FNDA:0,isExpired
FNDA:0,attrUUID
DA:47,0
DA:48,0
DA:52,0
DA:53,0
DA:70,1
DA:71,1
DA:72,1
DA:73,1
DA:87,0
DA:88,0
DA:89,0
DA:91,0
DA:92,0
DA:93,0
DA:102,0
DA:103,0
DA:104,0
DA:105,0
DA:106,0
DA:109,0
DA:110,0
DA:111,0
DA:112,0
DA:121,0
DA:122,0
DA:123,0
DA:139,0
DA:141,0
DA:142,0
DA:144,0
DA:145,0
DA:148,0
DA:152,0
DA:154,0
DA:157,0
DA:159,0
DA:160,0
DA:162,0
DA:164,0
DA:165,0
DA:167,0
DA:179,0
DA:181,0
DA:182,0
DA:193,0
DA:194,0
DA:195,0
DA:197,0
DA:199,0
DA:200,0
DA:202,0
DA:204,0
DA:206,0
DA:215,0
DA:216,0
DA:218,0
DA:219,0
DA:220,0
DA:222,0
DA:236,0
DA:237,0
DA:238,0
DA:246,0
DA:247,0
DA:256,0
DA:257,0
DA:259,0
DA:260,0
DA:273,0
DA:275,0
DA:276,0
DA:278,0
DA:287,0
DA:289,0
DA:299,0
DA:301,0
DA:310,0
DA:312,0
DA:322,0
DA:324,0
DA:325,0
DA:327,0
DA:336,0
DA:337,0
DA:339,0
DA:340,0
DA:342,0
DA:343,0
DA:357,0
DA:367,0
DA:376,0
DA:385,0
DA:396,0
DA:397,0
DA:399,0
DA:400,0
DA:401,0
DA:402,0
DA:404,0
DA:407,0
DA:420,0
DA:429,0
LF:102
LH:4
BRDA:47,1,0,0
BRDA:47,1,1,0
BRDA:52,2,0,0
BRDA:52,2,1,0
BRDA:87,3,0,0
BRDA:87,3,1,0
BRDA:91,4,0,0
BRDA:91,4,1,0
BRDA:102,5,0,0
BRDA:102,5,1,0
BRDA:104,6,0,0
BRDA:104,6,1,0
BRDA:108,7,0,0
BRDA:108,7,1,0
BRDA:110,8,0,0
BRDA:110,8,1,0
BRDA:121,9,0,0
BRDA:121,9,1,0
BRDA:122,10,0,0
BRDA:122,10,1,0
BRDA:139,11,0,0
BRDA:139,11,1,0
BRDA:141,12,0,0
BRDA:141,12,1,0
BRDA:142,13,0,0
BRDA:142,13,1,0
BRDA:144,14,0,0
BRDA:144,14,1,0
BRDA:145,15,0,0
BRDA:145,15,1,0
BRDA:148,16,0,0
BRDA:148,16,1,0
BRDA:152,17,0,0
BRDA:152,17,1,0
BRDA:157,18,0,0
BRDA:157,18,1,0
BRDA:159,19,0,0
BRDA:159,19,1,0
BRDA:193,20,0,0
BRDA:193,20,1,0
BRDA:194,21,0,0
BRDA:194,21,1,0
BRDA:195,22,0,0
BRDA:195,22,1,0
BRDA:199,23,0,0
BRDA:199,23,1,0
BRDA:215,24,0,0
BRDA:215,24,1,0
BRDA:216,25,0,0
BRDA:216,25,1,0
BRDA:218,26,0,0
BRDA:218,26,1,0
BRDA:236,27,0,0
BRDA:236,27,1,0
BRDA:256,28,0,0
BRDA:256,28,1,0
BRDA:257,29,0,0
BRDA:257,29,1,0
BRDA:273,30,0,0
BRDA:273,30,1,0
BRDA:275,31,0,0
BRDA:275,31,1,0
BRDA:287,32,0,0
BRDA:287,32,1,0
BRDA:299,33,0,0
BRDA:299,33,1,0
BRDA:310,34,0,0
BRDA:310,34,1,0
BRDA:322,35,0,0
BRDA:322,35,1,0
BRDA:339,36,0,0
BRDA:339,36,1,0
BRDA:340,37,0,0
BRDA:340,37,1,0
BRDA:342,38,0,0
BRDA:342,38,1,0
BRDA:401,39,0,0
BRDA:401,39,1,0
BRF:78
BRH:0
end_of_record
TN:
SF:/Users/shokishoki/development/consensys/distribute/contracts/contracts/library/SafeMath.sol
FN:14,mul
FN:26,div
FN:36,sub
FN:44,add
FNF:4
FNH:1
FNDA:0,mul
FNDA:0,div
FNDA:1,sub
FNDA:0,add
DA:15,0
DA:16,0
DA:18,0
DA:19,0
DA:20,0
DA:28,0
DA:30,0
DA:37,1
DA:38,1
DA:45,0
DA:46,0
DA:47,0
LF:12
LH:2
BRDA:15,1,0,0
BRDA:15,1,1,0
BRDA:19,2,0,0
BRDA:19,2,1,0
BRDA:37,3,0,1
BRDA:37,3,1,0
BRDA:46,4,0,0
BRDA:46,4,1,0
BRF:8
BRH:1
end_of_record
TN:
SF:/Users/shokishoki/development/consensys/distribute/contracts/contracts/library/StandardToken.sol
FN:17,transfer
FN:29,transferFrom
FN:43,balanceOf
FN:47,approve
FN:53,allowance
FNF:5
FNH:1
FNDA:0,transfer
FNDA:0,transferFrom
FNDA:19,balanceOf
FNDA:0,approve
FNDA:0,allowance
DA:22,0
DA:23,0
DA:24,0
DA:25,0
DA:26,0
DA:32,0
DA:33,0
DA:34,0
DA:35,0
DA:36,0
DA:37,0
DA:39,0
DA:40,0
DA:44,19
DA:48,0
DA:49,0
DA:50,0
DA:55,0
LF:18
LH:1
BRDA:22,1,0,0
BRDA:22,1,1,0
BRDA:33,2,0,0
BRDA:33,2,1,0
BRDA:36,3,0,0
BRDA:36,3,1,0
BRF:6
BRH:0
end_of_record
TN:
SF:/Users/shokishoki/development/consensys/distribute/contracts/contracts/library/Token.sol
FNF:0
FNH:0
LF:0
LH:0
BRF:0
BRH:0
end_of_record
TN:
SF:/Users/shokishoki/development/consensys/distribute/contracts/contracts/Project.sol
FN:66,onlyPR
FN:71,onlyTR
FN:76,onlyRR
FN:81,isTR
FN:86,isRR
FN:96,Project
FN:128,getTaskCount
FN:136,setState
FN:141,clearProposerStake
FN:145,clearTokenStake
FN:149,clearReputationStake
FN:153,clearStake
FN:158,setTaskLength
FN:162,setTaskAddress
FN:167,setPassAmount
FN:175,stakeTokens
FN:182,unstakeTokens
FN:193,stakeReputation
FN:200,unstakeReputation
FN:212,transferWeiReward
FN:218,returnWei
FN:222,
FNF:22
FNH:0
FNDA:0,onlyPR
FNDA:0,onlyTR
FNDA:0,onlyRR
FNDA:0,isTR
FNDA:0,isRR
FNDA:0,Project
FNDA:0,getTaskCount
FNDA:0,setState
FNDA:0,clearProposerStake
FNDA:0,clearTokenStake
FNDA:0,clearReputationStake
FNDA:0,clearStake
FNDA:0,setTaskLength
FNDA:0,setTaskAddress
FNDA:0,setPassAmount
FNDA:0,stakeTokens
FNDA:0,unstakeTokens
FNDA:0,stakeReputation
FNDA:0,unstakeReputation
FNDA:0,transferWeiReward
FNDA:0,returnWei
FNDA:0,
DA:67,0
DA:68,0
DA:72,0
DA:73,0
DA:77,0
DA:78,0
DA:82,0
DA:87,0
DA:107,0
DA:108,0
DA:109,0
DA:110,0
DA:111,0
DA:112,0
DA:113,0
DA:114,0
DA:115,0
DA:116,0
DA:117,0
DA:129,0
DA:137,0
DA:138,0
DA:142,0
DA:146,0
DA:150,0
DA:154,0
DA:155,0
DA:159,0
DA:163,0
DA:164,0
DA:168,0
DA:176,0
DA:177,0
DA:178,0
DA:179,0
DA:183,0
DA:184,0
DA:186,0
DA:187,0
DA:188,0
DA:189,0
DA:190,0
DA:194,0
DA:195,0
DA:196,0
DA:197,0
DA:201,0
DA:202,0
DA:204,0
DA:205,0
DA:213,0
DA:214,0
DA:215,0
DA:219,0
LF:54
LH:0
BRDA:67,1,0,0
BRDA:67,1,1,0
BRDA:72,2,0,0
BRDA:72,2,1,0
BRDA:77,3,0,0
BRDA:77,3,1,0
BRDA:163,4,0,0
BRDA:163,4,1,0
BRDA:176,5,0,0
BRDA:176,5,1,0
BRDA:183,6,0,0
BRDA:183,6,1,0
BRDA:184,7,0,0
BRDA:184,7,1,0
BRDA:194,8,0,0
BRDA:194,8,1,0
BRDA:195,9,0,0
BRDA:195,9,1,0
BRDA:201,10,0,0
BRDA:201,10,1,0
BRDA:202,11,0,0
BRDA:202,11,1,0
BRDA:213,12,0,0
BRDA:213,12,1,0
BRF:24
BRH:0
end_of_record
TN:
SF:/Users/shokishoki/development/consensys/distribute/contracts/contracts/ProjectLibrary.sol
FN:26,isStaker
FN:31,isStaked
FN:36,timesUp
FN:40,percent
FN:47,calculateWeightOfAddress
FN:62,checkStaked
FN:78,checkActive
FN:95,checkValidate
FN:114,checkVoting
FN:139,checkEnd
FN:171,validate
FN:184,calculatePassAmount
FN:202,claimTaskReward
FN:218,refundStaker
FN:228,handleTokenStaker
FN:240,handleReputationStaker
FNF:16
FNH:0
FNDA:0,isStaker
FNDA:0,isStaked
FNDA:0,timesUp
FNDA:0,percent
FNDA:0,calculateWeightOfAddress
FNDA:0,checkStaked
FNDA:0,checkActive
FNDA:0,checkValidate
FNDA:0,checkVoting
FNDA:0,checkEnd
FNDA:0,validate
FNDA:0,calculatePassAmount
FNDA:0,claimTaskReward
FNDA:0,refundStaker
FNDA:0,handleTokenStaker
FNDA:0,handleReputationStaker
DA:27,0
DA:28,0
DA:32,0
DA:33,0
DA:37,0
DA:42,0
DA:44,0
DA:48,0
DA:49,0
DA:50,0
DA:51,0
DA:54,0
DA:57,0
DA:63,0
DA:64,0
DA:65,0
DA:66,0
DA:67,0
DA:68,0
DA:70,0
DA:71,0
DA:72,0
DA:74,0
DA:76,0
DA:79,0
DA:80,0
DA:81,0
DA:82,0
DA:83,0
DA:84,0
DA:85,0
DA:86,0
DA:88,0
DA:89,0
DA:92,0
DA:96,0
DA:97,0
DA:98,0
DA:99,0
DA:100,0
DA:101,0
DA:102,0
DA:103,0
DA:104,0
DA:105,0
DA:106,0
DA:107,0
DA:108,0
DA:115,0
DA:116,0
DA:117,0
DA:118,0
DA:119,0
DA:120,0
DA:121,0
DA:122,0
DA:123,0
DA:124,0
DA:125,0
DA:127,0
DA:128,0
DA:129,0
DA:130,0
DA:131,0
DA:140,0
DA:141,0
DA:142,0
DA:143,0
DA:144,0
DA:145,0
DA:146,0
DA:147,0
DA:148,0
DA:149,0
DA:151,0
DA:152,0
DA:153,0
DA:154,0
DA:159,0
DA:160,0
DA:161,0
DA:163,0
DA:172,0
DA:173,0
DA:174,0
DA:175,0
DA:176,0
DA:177,0
DA:180,0
DA:185,0
DA:186,0
DA:187,0
DA:188,0
DA:189,0
DA:190,0
DA:191,0
DA:194,0
DA:195,0
DA:203,0
DA:204,0
DA:205,0
DA:206,0
DA:207,0
DA:208,0
DA:209,0
DA:210,0
DA:211,0
DA:219,0
DA:220,0
DA:221,0
DA:222,0
DA:224,0
DA:229,0
DA:231,0
DA:232,0
DA:233,0
DA:234,0
DA:236,0
DA:237,0
DA:241,0
DA:242,0
DA:243,0
DA:244,0
DA:245,0
DA:247,0
DA:248,0
LF:126
LH:0
BRDA:51,1,0,0
BRDA:51,1,1,0
BRDA:54,2,0,0
BRDA:54,2,1,0
BRDA:64,3,0,0
BRDA:64,3,1,0
BRDA:65,4,0,0
BRDA:65,4,1,0
BRDA:70,5,0,0
BRDA:70,5,1,0
BRDA:80,6,0,0
BRDA:80,6,1,0
BRDA:81,7,0,0
BRDA:81,7,1,0
BRDA:83,8,0,0
BRDA:83,8,1,0
BRDA:98,9,0,0
BRDA:98,9,1,0
BRDA:99,10,0,0
BRDA:99,10,1,0
BRDA:104,11,0,0
BRDA:104,11,1,0
BRDA:118,12,0,0
BRDA:118,12,1,0
BRDA:119,13,0,0
BRDA:119,13,1,0
BRDA:123,14,0,0
BRDA:123,14,1,0
BRDA:124,15,0,0
BRDA:124,15,1,0
BRDA:128,16,0,0
BRDA:128,16,1,0
BRDA:143,17,0,0
BRDA:143,17,1,0
BRDA:146,18,0,0
BRDA:146,18,1,0
BRDA:147,19,0,0
BRDA:147,19,1,0
BRDA:148,20,0,0
BRDA:148,20,1,0
BRDA:160,21,0,0
BRDA:160,21,1,0
BRDA:173,22,0,0
BRDA:173,22,1,0
BRDA:175,23,0,0
BRDA:175,23,1,0
BRDA:176,24,0,0
BRDA:176,24,1,0
BRDA:179,25,0,0
BRDA:179,25,1,0
BRDA:187,26,0,0
BRDA:187,26,1,0
BRDA:190,27,0,0
BRDA:190,27,1,0
BRDA:204,28,0,0
BRDA:204,28,1,0
BRDA:206,29,0,0
BRDA:206,29,1,0
BRDA:220,30,0,0
BRDA:220,30,1,0
BRDA:221,31,0,0
BRDA:221,31,1,0
BRDA:223,32,0,0
BRDA:223,32,1,0
BRDA:232,33,0,0
BRDA:232,33,1,0
BRDA:243,34,0,0
BRDA:243,34,1,0
BRF:68
BRH:0
end_of_record
TN:
SF:/Users/shokishoki/development/consensys/distribute/contracts/contracts/ProjectRegistry.sol
FN:38,onlyTR
FN:43,onlyRR
FN:47,onlyTRorRR
FN:56,init
FN:73,checkStaked
FN:77,checkActive
FN:81,checkValidate
FN:85,checkVoting
FN:89,checkEnd
FN:103,createProject
FN:121,refundProposer
FN:136,addTaskHash
FN:146,stakedTaskHash
FN:165,submitHashList
FN:177,claimTask
FN:189,submitTaskComplete
FNF:16
FNH:1
FNDA:0,onlyTR
FNDA:0,onlyRR
FNDA:0,onlyTRorRR
FNDA:1,init
FNDA:0,checkStaked
FNDA:0,checkActive
FNDA:0,checkValidate
FNDA:0,checkVoting
FNDA:0,checkEnd
FNDA:0,createProject
FNDA:0,refundProposer
FNDA:0,addTaskHash
FNDA:0,stakedTaskHash
FNDA:0,submitHashList
FNDA:0,claimTask
FNDA:0,submitTaskComplete
DA:39,0
DA:40,0
DA:44,0
DA:45,0
DA:48,0
DA:49,0
DA:57,1
DA:58,1
DA:59,1
DA:60,1
DA:61,1
DA:74,0
DA:78,0
DA:82,0
DA:86,0
DA:90,0
DA:91,0
DA:92,0
DA:93,0
DA:94,0
DA:95,0
DA:106,0
DA:116,0
DA:117,0
DA:118,0
DA:122,0
DA:123,0
DA:124,0
DA:125,0
DA:126,0
DA:127,0
DA:128,0
DA:129,0
DA:137,0
DA:138,0
DA:139,0
DA:140,0
DA:141,0
DA:142,0
DA:147,0
DA:148,0
DA:149,0
DA:150,0
DA:152,0
DA:153,0
DA:154,0
DA:156,0
DA:166,0
DA:167,0
DA:168,0
DA:169,0
DA:170,0
DA:171,0
DA:172,0
DA:179,0
DA:180,0
DA:181,0
DA:182,0
DA:183,0
DA:184,0
DA:185,0
DA:190,0
DA:191,0
DA:192,0
DA:193,0
DA:194,0
DA:195,0
LF:67
LH:5
BRDA:39,1,0,0
BRDA:39,1,1,0
BRDA:44,2,0,0
BRDA:44,2,1,0
BRDA:48,3,0,0
BRDA:48,3,1,0
BRDA:57,4,0,1
BRDA:57,4,1,0
BRDA:92,5,0,0
BRDA:92,5,1,0
BRDA:123,6,0,0
BRDA:123,6,1,0
BRDA:125,7,0,0
BRDA:125,7,1,0
BRDA:138,8,0,0
BRDA:138,8,1,0
BRDA:140,9,0,0
BRDA:140,9,1,0
BRDA:148,10,0,0
BRDA:148,10,1,0
BRDA:154,11,0,0
BRDA:154,11,1,0
BRDA:167,12,0,0
BRDA:167,12,1,0
BRDA:168,13,0,0
BRDA:168,13,1,0
BRDA:180,14,0,0
BRDA:180,14,1,0
BRDA:182,15,0,0
BRDA:182,15,1,0
BRDA:183,16,0,0
BRDA:183,16,1,0
BRDA:192,17,0,0
BRDA:192,17,1,0
BRDA:193,18,0,0
BRDA:193,18,1,0
BRDA:194,19,0,0
BRDA:194,19,1,0
BRF:38
BRH:1
end_of_record
TN:
SF:/Users/shokishoki/development/consensys/distribute/contracts/contracts/ReputationRegistry.sol
FN:47,onlyPR
FN:60,init
FN:71,averageBalance
FN:79,register
FN:88,faucet
FN:100,proposeProject
FN:112,refundProposer
FN:125,stakeReputation
FN:132,unstakeReputation
FN:142,claimTask
FN:151,rewardTask
FN:160,voteCommit
FN:176,voteReveal
FN:182,refundVotingReputation
FN:191,refundStaker
FN:201,burnReputation
FNF:16
FNH:1
FNDA:0,onlyPR
FNDA:1,init
FNDA:0,averageBalance
FNDA:0,register
FNDA:0,faucet
FNDA:0,proposeProject
FNDA:0,refundProposer
FNDA:0,stakeReputation
FNDA:0,unstakeReputation
FNDA:0,claimTask
FNDA:0,rewardTask
FNDA:0,voteCommit
FNDA:0,voteReveal
FNDA:0,refundVotingReputation
FNDA:0,refundStaker
FNDA:0,burnReputation
DA:48,0
DA:49,0
DA:61,1
DA:62,1
DA:63,1
DA:64,1
DA:72,0
DA:80,0
DA:81,0
DA:82,0
DA:83,0
DA:84,0
DA:89,0
DA:90,0
DA:91,0
DA:92,0
DA:93,0
DA:103,0
DA:104,0
DA:105,0
DA:106,0
DA:107,0
DA:108,0
DA:109,0
DA:113,0
DA:114,0
DA:115,0
DA:116,0
DA:117,0
DA:118,0
DA:126,0
DA:127,0
DA:128,0
DA:129,0
DA:133,0
DA:134,0
DA:135,0
DA:143,0
DA:144,0
DA:145,0
DA:146,0
DA:147,0
DA:148,0
DA:152,0
DA:153,0
DA:161,0
DA:162,0
DA:163,0
DA:165,0
DA:168,0
DA:169,0
DA:170,0
DA:171,0
DA:173,0
DA:177,0
DA:178,0
DA:179,0
DA:183,0
DA:184,0
DA:192,0
DA:193,0
DA:194,0
DA:202,0
LF:63
LH:4
BRDA:48,1,0,0
BRDA:48,1,1,0
BRDA:61,2,0,1
BRDA:61,2,1,0
BRDA:80,3,0,0
BRDA:80,3,1,0
BRDA:89,4,0,0
BRDA:89,4,1,0
BRDA:103,5,0,0
BRDA:103,5,1,0
BRDA:106,6,0,0
BRDA:106,6,1,0
BRDA:114,7,0,0
BRDA:114,7,1,0
BRDA:115,8,0,0
BRDA:115,8,1,0
BRDA:126,9,0,0
BRDA:126,9,1,0
BRDA:133,10,0,0
BRDA:133,10,1,0
BRDA:145,11,0,0
BRDA:145,11,1,0
BRDA:161,12,0,0
BRDA:161,12,1,0
BRDA:168,13,0,0
BRDA:168,13,1,0
BRDA:169,14,0,0
BRDA:169,14,1,0
BRDA:193,15,0,0
BRDA:193,15,1,0
BRF:30
BRH:1
end_of_record
TN:
SF:/Users/shokishoki/development/consensys/distribute/contracts/contracts/Task.sol
FN:41,onlyPR
FN:46,onlyTR
FN:55,Task
FN:65,setWeighting
FN:69,setTaskReward
FN:77,markTaskComplete
FN:81,setValidator
FN:91,setPollId
FN:96,markTaskClaimable
FN:114,clearValidatorStake
FNF:10
FNH:0
FNDA:0,onlyPR
FNDA:0,onlyTR
FNDA:0,Task
FNDA:0,setWeighting
FNDA:0,setTaskReward
FNDA:0,markTaskComplete
FNDA:0,setValidator
FNDA:0,setPollId
FNDA:0,markTaskClaimable
FNDA:0,clearValidatorStake
DA:42,0
DA:43,0
DA:47,0
DA:48,0
DA:56,0
DA:57,0
DA:58,0
DA:66,0
DA:70,0
DA:71,0
DA:72,0
DA:73,0
DA:74,0
DA:78,0
DA:82,0
DA:83,0
DA:86,0
DA:87,0
DA:92,0
DA:93,0
DA:97,0
DA:98,0
DA:99,0
DA:100,0
DA:103,0
DA:104,0
DA:105,0
DA:106,0
DA:108,0
DA:111,0
DA:115,0
LF:31
LH:0
BRDA:42,1,0,0
BRDA:42,1,1,0
BRDA:47,2,0,0
BRDA:47,2,1,0
BRDA:83,3,0,0
BRDA:83,3,1,0
BRDA:86,4,0,0
BRDA:86,4,1,0
BRDA:92,5,0,0
BRDA:92,5,1,0
BRDA:97,6,0,0
BRDA:97,6,1,0
BRDA:99,7,0,0
BRDA:99,7,1,0
BRDA:104,8,0,0
BRDA:104,8,1,0
BRF:16
BRH:0
end_of_record
TN:
SF:/Users/shokishoki/development/consensys/distribute/contracts/contracts/TokenRegistry.sol
FN:38,onlyPR
FN:51,init
FN:62,proposeProject
FN:74,refundProposer
FN:87,stakeTokens
FN:108,unstakeTokens
FN:118,validateTask
FN:124,rewardValidator
FN:145,voteCommit
FN:160,voteReveal
FN:164,refundVotingTokens
FN:173,refundStaker
FN:185,revertWei
FN:188,burnTokens
FN:192,
FNF:15
FNH:1
FNDA:0,onlyPR
FNDA:1,init
FNDA:0,proposeProject
FNDA:0,refundProposer
FNDA:0,stakeTokens
FNDA:0,unstakeTokens
FNDA:0,validateTask
FNDA:0,rewardValidator
FNDA:0,voteCommit
FNDA:0,voteReveal
FNDA:0,refundVotingTokens
FNDA:0,refundStaker
FNDA:0,revertWei
FNDA:0,burnTokens
FNDA:0,
DA:39,0
DA:40,0
DA:52,1
DA:53,1
DA:54,1
DA:55,1
DA:65,0
DA:66,0
DA:67,0
DA:68,0
DA:69,0
DA:70,0
DA:71,0
DA:75,0
DA:76,0
DA:77,0
DA:78,0
DA:79,0
DA:80,0
DA:88,0
DA:89,0
DA:91,0
DA:92,0
DA:93,0
DA:94,0
DA:95,0
DA:96,0
DA:99,0
DA:102,0
DA:103,0
DA:104,0
DA:105,0
DA:109,0
DA:110,0
DA:111,0
DA:119,0
DA:120,0
DA:121,0
DA:125,0
DA:126,0
DA:127,0
DA:128,0
DA:129,0
DA:130,0
DA:132,0
DA:134,0
DA:136,0
DA:137,0
DA:138,0
DA:146,0
DA:147,0
DA:149,0
DA:152,0
DA:153,0
DA:154,0
DA:155,0
DA:157,0
DA:161,0
DA:165,0
DA:166,0
DA:174,0
DA:175,0
DA:177,0
DA:178,0
DA:186,0
DA:189,0
LF:66
LH:4
BRDA:39,1,0,0
BRDA:39,1,1,0
BRDA:52,2,0,1
BRDA:52,2,1,0
BRDA:65,3,0,0
BRDA:65,3,1,0
BRDA:68,4,0,0
BRDA:68,4,1,0
BRDA:76,5,0,0
BRDA:76,5,1,0
BRDA:77,6,0,0
BRDA:77,6,1,0
BRDA:88,7,0,0
BRDA:88,7,1,0
BRDA:93,8,0,0
BRDA:93,8,1,0
BRDA:96,9,0,0
BRDA:96,9,1,0
BRDA:99,10,0,0
BRDA:99,10,1,0
BRDA:119,11,0,0
BRDA:119,11,1,0
BRDA:127,12,0,0
BRDA:127,12,1,0
BRDA:129,13,0,0
BRDA:129,13,1,0
BRDA:130,14,0,0
BRDA:130,14,1,0
BRDA:131,15,0,0
BRDA:131,15,1,0
BRDA:132,16,0,0
BRDA:132,16,1,0
BRDA:147,17,0,0
BRDA:147,17,1,0
BRDA:152,18,0,0
BRDA:152,18,1,0
BRDA:153,19,0,0
BRDA:153,19,1,0
BRF:38
BRH:1
end_of_record
